<testsuites id="" name="" tests="35" failures="25" skipped="0" errors="0" time="108.14738700000001">
<testsuite name="ai-edge-cases.spec.ts" timestamp="2025-06-24T10:22:40.569Z" hostname="chromium" tests="5" failures="5" skipped="0" time="134.598" errors="0">
<testcase name="AI 기반 엣지 케이스 테스트 › AI 생성 엣지 케이스 테스트" classname="ai-edge-cases.spec.ts" time="31.803">
<failure message="ai-edge-cases.spec.ts:100:7 AI 생성 엣지 케이스 테스트" type="FAILURE">
<![CDATA[  [chromium] › ai-edge-cases.spec.ts:100:7 › AI 기반 엣지 케이스 테스트 › AI 생성 엣지 케이스 테스트 ───────────────────

    Test timeout of 30000ms exceeded.

    attachment #1: screenshot (image/png) ──────────────────────────────────────────────────────────
    test-results\ai-edge-cases-AI-기반-엣지-케이스-테스트-AI-생성-엣지-케이스-테스트-chromium\test-failed-1.png
    ────────────────────────────────────────────────────────────────────────────────────────────────

    attachment #2: video (video/webm) ──────────────────────────────────────────────────────────────
    test-results\ai-edge-cases-AI-기반-엣지-케이스-테스트-AI-생성-엣지-케이스-테스트-chromium\video.webm
    ────────────────────────────────────────────────────────────────────────────────────────────────
]]>
</failure>
<system-out>
<![CDATA[Generating AI test cases for scenarios: 네트워크 연결이 불안정한 상황, 결제 중 브라우저 새로고침, 동일 사용자의 중복 주문, 재고 소진 중 동시 주문 via backend API.
Mocking auto-playwright action: Simulated action for: 네트워크 연결이 불안정한 상황
Mocking auto-playwright action: Simulated action for: 결제 중 브라우저 새로고침
Mocking auto-playwright action: Simulated action for: 동일 사용자의 중복 주문
Mocking auto-playwright action: Simulated action for: 재고 소진 중 동시 주문

[[ATTACHMENT|test-results\ai-edge-cases-AI-기반-엣지-케이스-테스트-AI-생성-엣지-케이스-테스트-chromium\test-failed-1.png]]

[[ATTACHMENT|test-results\ai-edge-cases-AI-기반-엣지-케이스-테스트-AI-생성-엣지-케이스-테스트-chromium\video.webm]]
]]>
</system-out>
<system-err>
<![CDATA[Error generating AI test cases from backend: AxiosError [AggregateError]: 
    at Function.AxiosError.from [90m(C:\Cline\First_Project\AsyncFlow_Commerce\[39mnode_modules\[4maxios[24m\lib\core\AxiosError.js:92:14[90m)[39m
    at RedirectableRequest.handleRequestError [90m(C:\Cline\First_Project\AsyncFlow_Commerce\[39mnode_modules\[4maxios[24m\lib\adapters\http.js:620:25[90m)[39m
[90m    at RedirectableRequest.emit (node:events:514:28)[39m
    at ClientRequest.eventHandlers.<computed> [90m(C:\Cline\First_Project\AsyncFlow_Commerce\[39mnode_modules\[4mfollow-redirects[24m\index.js:49:24[90m)[39m
[90m    at ClientRequest.emit (node:events:514:28)[39m
[90m    at Socket.socketErrorListener (node:_http_client:495:9)[39m
[90m    at Socket.emit (node:events:514:28)[39m
[90m    at emitErrorNT (node:internal/streams/destroy:151:8)[39m
[90m    at emitErrorCloseNT (node:internal/streams/destroy:116:3)[39m
[90m    at processTicksAndRejections (node:internal/process/task_queues:82:21)[39m
    at Axios.request [90m(C:\Cline\First_Project\AsyncFlow_Commerce\[39mnode_modules\[4maxios[24m\lib\core\Axios.js:45:41[90m)[39m
[90m    at processTicksAndRejections (node:internal/process/task_queues:95:5)[39m
    at generateAITestCases [90m(C:\Cline\First_Project\AsyncFlow_Commerce\[39me2e\ai-edge-cases.spec.ts:69:22[90m)[39m
    at [90mC:\Cline\First_Project\AsyncFlow_Commerce\[39me2e\ai-edge-cases.spec.ts:102:23
    at [90mC:\Cline\First_Project\AsyncFlow_Commerce\[39mnode_modules\[4mplaywright[24m\lib\worker\workerMain.js:304:9
    at [90mC:\Cline\First_Project\AsyncFlow_Commerce\[39mnode_modules\[4mplaywright[24m\lib\worker\testInfo.js:277:11
    at TimeoutManager.withRunnable [90m(C:\Cline\First_Project\AsyncFlow_Commerce\[39mnode_modules\[4mplaywright[24m\lib\worker\timeoutManager.js:67:14[90m)[39m
    at TestInfoImpl._runWithTimeout [90m(C:\Cline\First_Project\AsyncFlow_Commerce\[39mnode_modules\[4mplaywright[24m\lib\worker\testInfo.js:275:7[90m)[39m
    at [90mC:\Cline\First_Project\AsyncFlow_Commerce\[39mnode_modules\[4mplaywright[24m\lib\worker\workerMain.js:302:7
    at WorkerMain._runTest [90m(C:\Cline\First_Project\AsyncFlow_Commerce\[39mnode_modules\[4mplaywright[24m\lib\worker\workerMain.js:277:5[90m)[39m
    at WorkerMain.runTestGroup [90m(C:\Cline\First_Project\AsyncFlow_Commerce\[39mnode_modules\[4mplaywright[24m\lib\worker\workerMain.js:193:11[90m)[39m
    at process.<anonymous> [90m(C:\Cline\First_Project\AsyncFlow_Commerce\[39mnode_modules\[4mplaywright[24m\lib\common\process.js:70:22[90m)[39m {
  code: [32m'ECONNREFUSED'[39m,
  errors: [
    Error: connect ECONNREFUSED ::1:4000
    [90m    at createConnectionError (node:net:1634:14)[39m
    [90m    at afterConnectMultiple (node:net:1664:40)[39m
    [90m    at TCPConnectWrap.callbackTrampoline (node:internal/async_hooks:130:17)[39m {
      errno: [33m-4078[39m,
      code: [32m'ECONNREFUSED'[39m,
      syscall: [32m'connect'[39m,
      address: [32m'::1'[39m,
      port: [33m4000[39m
    },
    Error: connect ECONNREFUSED 127.0.0.1:4000
    [90m    at createConnectionError (node:net:1634:14)[39m
    [90m    at afterConnectMultiple (node:net:1664:40)[39m
    [90m    at TCPConnectWrap.callbackTrampoline (node:internal/async_hooks:130:17)[39m {
      errno: [33m-4078[39m,
      code: [32m'ECONNREFUSED'[39m,
      syscall: [32m'connect'[39m,
      address: [32m'127.0.0.1'[39m,
      port: [33m4000[39m
    }
  ],
  config: {
    transitional: {
      silentJSONParsing: [33mtrue[39m,
      forcedJSONParsing: [33mtrue[39m,
      clarifyTimeoutError: [33mfalse[39m
    },
    adapter: [ [32m'xhr'[39m, [32m'http'[39m, [32m'fetch'[39m ],
    transformRequest: [ [36m[Function: transformRequest][39m ],
    transformResponse: [ [36m[Function: transformResponse][39m ],
    timeout: [33m0[39m,
    xsrfCookieName: [32m'XSRF-TOKEN'[39m,
    xsrfHeaderName: [32m'X-XSRF-TOKEN'[39m,
    maxContentLength: [33m-1[39m,
    maxBodyLength: [33m-1[39m,
    env: { FormData: [36m[Function [FormData]][39m, Blob: [36m[class Blob][39m },
    validateStatus: [36m[Function: validateStatus][39m,
    headers: Object [AxiosHeaders] {
      Accept: [32m'application/json, text/plain, */*'[39m,
      [32m'Content-Type'[39m: [32m'application/json'[39m,
      [32m'User-Agent'[39m: [32m'axios/1.9.0'[39m,
      [32m'Content-Length'[39m: [32m'169'[39m,
      [32m'Accept-Encoding'[39m: [32m'gzip, compress, deflate, br'[39m
    },
    method: [32m'post'[39m,
    url: [32m'http://localhost:4000/ai/generate-test-cases'[39m,
    data: [32m'{"scenarios":["네트워크 연결이 불안정한 상황","결제 중 브라우저 새로고침","동일 사용자의 중복 주문","재고 소진 중 동시 주문"]}'[39m,
    allowAbsoluteUrls: [33mtrue[39m
  },
  request: [36m<ref *1>[39m Writable {
    _writableState: WritableState {
      highWaterMark: [33m16384[39m,
      length: [33m0[39m,
      corked: [33m0[39m,
      onwrite: [36m[Function: bound onwrite][39m,
      writelen: [33m0[39m,
      bufferedIndex: [33m0[39m,
      pendingcb: [33m0[39m,
      [[32mSymbol(kState)[39m]: [33m34357356[39m,
      [[32mSymbol(kBufferedValue)[39m]: [1mnull[22m
    },
    _events: [Object: null prototype] {
      response: [36m[Function: handleResponse][39m,
      error: [36m[Function: handleRequestError][39m,
      socket: [36m[Function: handleRequestSocket][39m
    },
    _eventsCount: [33m3[39m,
    _maxListeners: [90mundefined[39m,
    _options: {
      maxRedirects: [33m21[39m,
      maxBodyLength: [33mInfinity[39m,
      protocol: [32m'http:'[39m,
      path: [32m'/ai/generate-test-cases'[39m,
      method: [32m'POST'[39m,
      headers: [36m[Object: null prototype][39m,
      agents: [36m[Object][39m,
      auth: [90mundefined[39m,
      family: [90mundefined[39m,
      beforeRedirect: [36m[Function: dispatchBeforeRedirect][39m,
      beforeRedirects: [36m[Object][39m,
      hostname: [32m'localhost'[39m,
      port: [32m'4000'[39m,
      agent: [90mundefined[39m,
      nativeProtocols: [36m[Object][39m,
      pathname: [32m'/ai/generate-test-cases'[39m
    },
    _ended: [33mfalse[39m,
    _ending: [33mtrue[39m,
    _redirectCount: [33m0[39m,
    _redirects: [],
    _requestBodyLength: [33m169[39m,
    _requestBodyBuffers: [ [36m[Object][39m ],
    _onNativeResponse: [36m[Function (anonymous)][39m,
    _currentRequest: ClientRequest {
      _events: [36m[Object: null prototype][39m,
      _eventsCount: [33m7[39m,
      _maxListeners: [90mundefined[39m,
      outputData: [],
      outputSize: [33m0[39m,
      writable: [33mtrue[39m,
      destroyed: [33mfalse[39m,
      _last: [33mfalse[39m,
      chunkedEncoding: [33mfalse[39m,
      shouldKeepAlive: [33mtrue[39m,
      maxRequestsOnConnectionReached: [33mfalse[39m,
      _defaultKeepAlive: [33mtrue[39m,
      useChunkedEncodingByDefault: [33mtrue[39m,
      sendDate: [33mfalse[39m,
      _removedConnection: [33mfalse[39m,
      _removedContLen: [33mfalse[39m,
      _removedTE: [33mfalse[39m,
      strictContentLength: [33mfalse[39m,
      _contentLength: [32m'169'[39m,
      _hasBody: [33mtrue[39m,
      _trailer: [32m''[39m,
      finished: [33mfalse[39m,
      _headerSent: [33mtrue[39m,
      _closed: [33mfalse[39m,
      socket: [36m[Socket][39m,
      _header: [32m'POST /ai/generate-test-cases HTTP/1.1\r\n'[39m +
        [32m'Accept: application/json, text/plain, */*\r\n'[39m +
        [32m'Content-Type: application/json\r\n'[39m +
        [32m'User-Agent: axios/1.9.0\r\n'[39m +
        [32m'Content-Length: 169\r\n'[39m +
        [32m'Accept-Encoding: gzip, compress, deflate, br\r\n'[39m +
        [32m'Host: localhost:4000\r\n'[39m +
        [32m'Connection: keep-alive\r\n'[39m +
        [32m'\r\n'[39m,
      _keepAliveTimeout: [33m0[39m,
      _onPendingData: [36m[Function: nop][39m,
      agent: [36m[Agent][39m,
      socketPath: [90mundefined[39m,
      method: [32m'POST'[39m,
      maxHeaderSize: [90mundefined[39m,
      insecureHTTPParser: [90mundefined[39m,
      joinDuplicateHeaders: [90mundefined[39m,
      path: [32m'/ai/generate-test-cases'[39m,
      _ended: [33mfalse[39m,
      res: [1mnull[22m,
      aborted: [33mfalse[39m,
      timeoutCb: [36m[Function: emitRequestTimeout][39m,
      upgradeOrConnect: [33mfalse[39m,
      parser: [1mnull[22m,
      maxHeadersCount: [1mnull[22m,
      reusedSocket: [33mfalse[39m,
      host: [32m'localhost'[39m,
      protocol: [32m'http:'[39m,
      _redirectable: [36m[Circular *1][39m,
      [[32mSymbol(kCapture)[39m]: [33mfalse[39m,
      [[32mSymbol(kBytesWritten)[39m]: [33m0[39m,
      [[32mSymbol(kNeedDrain)[39m]: [33mfalse[39m,
      [[32mSymbol(corked)[39m]: [33m0[39m,
      [[32mSymbol(kOutHeaders)[39m]: [36m[Object: null prototype][39m,
      [[32mSymbol(errored)[39m]: [1mnull[22m,
      [[32mSymbol(kHighWaterMark)[39m]: [33m16384[39m,
      [[32mSymbol(kRejectNonStandardBodyWrites)[39m]: [33mfalse[39m,
      [[32mSymbol(kUniqueHeaders)[39m]: [1mnull[22m
    },
    _currentUrl: [32m'http://localhost:4000/ai/generate-test-cases'[39m,
    [[32mSymbol(kCapture)[39m]: [33mfalse[39m
  },
  cause: AggregateError: 
  [90m    at internalConnectMultiple (node:net:1114:18)[39m
  [90m    at afterConnectMultiple (node:net:1667:5)[39m
  [90m    at TCPConnectWrap.callbackTrampoline (node:internal/async_hooks:130:17)[39m {
    code: [32m'ECONNREFUSED'[39m,
    [errors]: [ [36m[Error][39m, [36m[Error][39m ]
  }
}
Unknown auto-playwright action: Simulated action for: 네트워크 연결이 불안정한 상황
Unknown auto-playwright action: Simulated action for: 결제 중 브라우저 새로고침
Error during auto-playwright action: Simulated action for: 동일 사용자의 중복 주문 page.fill: Test timeout of 30000ms exceeded.
Call log:
[2m  - waiting for locator('[data-testid="user-input"]')[22m

    at auto [90m(C:\Cline\First_Project\AsyncFlow_Commerce\[39me2e\ai-edge-cases.spec.ts:26:18[90m)[39m
    at [90mC:\Cline\First_Project\AsyncFlow_Commerce\[39me2e\ai-edge-cases.spec.ts:112:9
    at [90mC:\Cline\First_Project\AsyncFlow_Commerce\[39me2e\ai-edge-cases.spec.ts:110:7 {
  [[32mSymbol(step)[39m]: {
    stepId: [32m'pw:api@14'[39m,
    location: {
      file: [32m'C:\\Cline\\First_Project\\AsyncFlow_Commerce\\e2e\\ai-edge-cases.spec.ts'[39m,
      line: [33m26[39m,
      column: [33m18[39m,
      function: [32m'auto'[39m
    },
    category: [32m'pw:api'[39m,
    title: [32m'page.fill([data-testid="user-input"])'[39m,
    apiName: [32m'page.fill'[39m,
    params: {
      selector: [32m'[data-testid="user-input"]'[39m,
      value: [32m'Simulated action for: 동일 사용자의 중복 주문'[39m
    },
    boxedStack: [90mundefined[39m,
    steps: [],
    attachmentIndices: [],
    info: TestStepInfoImpl {
      annotations: [],
      _testInfo: [36m[TestInfoImpl][39m,
      _stepId: [32m'pw:api@14'[39m
    },
    complete: [36m[Function: complete][39m,
    endWallTime: [33m1750760591730[39m,
    error: {
      message: [32m'Error: page.fill: Test timeout of 30000ms exceeded.\n'[39m +
        [32m'Call log:\n'[39m +
        [32m`\x1B[2m  - waiting for locator('[data-testid="user-input"]')\x1B[22m\n`[39m,
      stack: [32m'Error: page.fill: Test timeout of 30000ms exceeded.\n'[39m +
        [32m'Call log:\n'[39m +
        [32m`\x1B[2m  - waiting for locator('[data-testid="user-input"]')\x1B[22m\n`[39m +
        [32m'\n'[39m +
        [32m'    at auto (C:\\Cline\\First_Project\\AsyncFlow_Commerce\\e2e\\ai-edge-cases.spec.ts:26:18)\n'[39m +
        [32m'    at C:\\Cline\\First_Project\\AsyncFlow_Commerce\\e2e\\ai-edge-cases.spec.ts:112:9\n'[39m +
        [32m'    at C:\\Cline\\First_Project\\AsyncFlow_Commerce\\e2e\\ai-edge-cases.spec.ts:110:7'[39m,
      cause: [90mundefined[39m
    }
  }
}
Element body not visible for scenario: 동일 사용자의 중복 주문
Unknown auto-playwright action: Simulated action for: 재고 소진 중 동시 주문
Element body not visible for scenario: 재고 소진 중 동시 주문
]]>
</system-err>
</testcase>
<testcase name="고급 테스트 기능 › 주문 대시보드 시각적 일관성" classname="ai-edge-cases.spec.ts" time="7.917">
<failure message="ai-edge-cases.spec.ts:124:7 주문 대시보드 시각적 일관성" type="FAILURE">
<![CDATA[  [chromium] › ai-edge-cases.spec.ts:124:7 › 고급 테스트 기능 › 주문 대시보드 시각적 일관성 ───────────────────────────

    Error: Timed out 5000ms waiting for expect(locator).toHaveScreenshot(expected)

    Locator: locator('.order-timeline')
      Timeout 5000ms exceeded.

    Call log:
      - expect.toHaveScreenshot(timeline-component.png) with timeout 5000ms
        - generating new stable screenshot expectation
      - waiting for locator('.order-timeline')
      - Timeout 5000ms exceeded.


      128 |     // Visual regression test
      129 |     await expect(page).toHaveScreenshot('dashboard-with-orders.png');
    > 130 |     await expect(page.locator('.order-timeline')).toHaveScreenshot('timeline-component.png');
          |                                                   ^
      131 |     console.log('Visual regression test executed.');
      132 |   });
      133 |
        at C:\Cline\First_Project\AsyncFlow_Commerce\e2e\ai-edge-cases.spec.ts:130:51

    attachment #1: screenshot (image/png) ──────────────────────────────────────────────────────────
    test-results\ai-edge-cases-고급-테스트-기능-주문-대시보드-시각적-일관성-chromium\test-failed-1.png
    ────────────────────────────────────────────────────────────────────────────────────────────────

    attachment #2: video (video/webm) ──────────────────────────────────────────────────────────────
    test-results\ai-edge-cases-고급-테스트-기능-주문-대시보드-시각적-일관성-chromium\video.webm
    ────────────────────────────────────────────────────────────────────────────────────────────────

    Error Context: ..\test-results\ai-edge-cases-고급-테스트-기능-주문-대시보드-시각적-일관성-chromium\error-context.md
]]>
</failure>
<system-out>
<![CDATA[Mocking auto-playwright action: 10개의 테스트 주문 생성

[[ATTACHMENT|test-results\ai-edge-cases-고급-테스트-기능-주문-대시보드-시각적-일관성-chromium\test-failed-1.png]]

[[ATTACHMENT|test-results\ai-edge-cases-고급-테스트-기능-주문-대시보드-시각적-일관성-chromium\video.webm]]

[[ATTACHMENT|test-results\ai-edge-cases-고급-테스트-기능-주문-대시보드-시각적-일관성-chromium\error-context.md]]
]]>
</system-out>
</testcase>
<testcase name="고급 테스트 기능 › 대량 동시 주문 처리 성능" classname="ai-edge-cases.spec.ts" time="31.344">
<failure message="ai-edge-cases.spec.ts:134:7 대량 동시 주문 처리 성능" type="FAILURE">
<![CDATA[  [chromium] › ai-edge-cases.spec.ts:134:7 › 고급 테스트 기능 › 대량 동시 주문 처리 성능 ────────────────────────────

    Test timeout of 30000ms exceeded.

    Error: expect(received).toBeLessThan(expected)

    Expected: < 10000
    Received:   30557

      150 |
      151 |     const duration = Date.now() - startTime;
    > 152 |     expect(duration).toBeLessThan(10000); // Expect within 10 seconds
          |                      ^
      153 |
      154 |     await Promise.all(contexts.map(context => context.close()));
      155 |   });
        at C:\Cline\First_Project\AsyncFlow_Commerce\e2e\ai-edge-cases.spec.ts:152:22

    attachment #1: screenshot (image/png) ──────────────────────────────────────────────────────────
    test-results\ai-edge-cases-고급-테스트-기능-대량-동시-주문-처리-성능-chromium\test-failed-2.png
    ────────────────────────────────────────────────────────────────────────────────────────────────

    attachment #2: screenshot (image/png) ──────────────────────────────────────────────────────────
    test-results\ai-edge-cases-고급-테스트-기능-대량-동시-주문-처리-성능-chromium\test-failed-9.png
    ────────────────────────────────────────────────────────────────────────────────────────────────

    attachment #3: screenshot (image/png) ──────────────────────────────────────────────────────────
    test-results\ai-edge-cases-고급-테스트-기능-대량-동시-주문-처리-성능-chromium\test-failed-4.png
    ────────────────────────────────────────────────────────────────────────────────────────────────

    attachment #4: screenshot (image/png) ──────────────────────────────────────────────────────────
    test-results\ai-edge-cases-고급-테스트-기능-대량-동시-주문-처리-성능-chromium\test-failed-5.png
    ────────────────────────────────────────────────────────────────────────────────────────────────

    attachment #5: screenshot (image/png) ──────────────────────────────────────────────────────────
    test-results\ai-edge-cases-고급-테스트-기능-대량-동시-주문-처리-성능-chromium\test-failed-11.png
    ────────────────────────────────────────────────────────────────────────────────────────────────

    attachment #6: screenshot (image/png) ──────────────────────────────────────────────────────────
    test-results\ai-edge-cases-고급-테스트-기능-대량-동시-주문-처리-성능-chromium\test-failed-10.png
    ────────────────────────────────────────────────────────────────────────────────────────────────

    attachment #7: screenshot (image/png) ──────────────────────────────────────────────────────────
    test-results\ai-edge-cases-고급-테스트-기능-대량-동시-주문-처리-성능-chromium\test-failed-1.png
    ────────────────────────────────────────────────────────────────────────────────────────────────

    attachment #8: screenshot (image/png) ──────────────────────────────────────────────────────────
    test-results\ai-edge-cases-고급-테스트-기능-대량-동시-주문-처리-성능-chromium\test-failed-7.png
    ────────────────────────────────────────────────────────────────────────────────────────────────

    attachment #9: screenshot (image/png) ──────────────────────────────────────────────────────────
    test-results\ai-edge-cases-고급-테스트-기능-대량-동시-주문-처리-성능-chromium\test-failed-6.png
    ────────────────────────────────────────────────────────────────────────────────────────────────

    attachment #10: screenshot (image/png) ─────────────────────────────────────────────────────────
    test-results\ai-edge-cases-고급-테스트-기능-대량-동시-주문-처리-성능-chromium\test-failed-3.png
    ────────────────────────────────────────────────────────────────────────────────────────────────

    attachment #11: screenshot (image/png) ─────────────────────────────────────────────────────────
    test-results\ai-edge-cases-고급-테스트-기능-대량-동시-주문-처리-성능-chromium\test-failed-12.png
    ────────────────────────────────────────────────────────────────────────────────────────────────

    attachment #12: screenshot (image/png) ─────────────────────────────────────────────────────────
    test-results\ai-edge-cases-고급-테스트-기능-대량-동시-주문-처리-성능-chromium\test-failed-8.png
    ────────────────────────────────────────────────────────────────────────────────────────────────

    attachment #13: screenshot (image/png) ─────────────────────────────────────────────────────────
    test-results\ai-edge-cases-고급-테스트-기능-대량-동시-주문-처리-성능-chromium\test-failed-17.png
    ────────────────────────────────────────────────────────────────────────────────────────────────

    attachment #14: screenshot (image/png) ─────────────────────────────────────────────────────────
    test-results\ai-edge-cases-고급-테스트-기능-대량-동시-주문-처리-성능-chromium\test-failed-18.png
    ────────────────────────────────────────────────────────────────────────────────────────────────

    attachment #15: screenshot (image/png) ─────────────────────────────────────────────────────────
    test-results\ai-edge-cases-고급-테스트-기능-대량-동시-주문-처리-성능-chromium\test-failed-19.png
    ────────────────────────────────────────────────────────────────────────────────────────────────

    attachment #16: screenshot (image/png) ─────────────────────────────────────────────────────────
    test-results\ai-edge-cases-고급-테스트-기능-대량-동시-주문-처리-성능-chromium\test-failed-24.png
    ────────────────────────────────────────────────────────────────────────────────────────────────

    attachment #17: screenshot (image/png) ─────────────────────────────────────────────────────────
    test-results\ai-edge-cases-고급-테스트-기능-대량-동시-주문-처리-성능-chromium\test-failed-14.png
    ────────────────────────────────────────────────────────────────────────────────────────────────

    attachment #18: screenshot (image/png) ─────────────────────────────────────────────────────────
    test-results\ai-edge-cases-고급-테스트-기능-대량-동시-주문-처리-성능-chromium\test-failed-15.png
    ────────────────────────────────────────────────────────────────────────────────────────────────

    attachment #19: screenshot (image/png) ─────────────────────────────────────────────────────────
    test-results\ai-edge-cases-고급-테스트-기능-대량-동시-주문-처리-성능-chromium\test-failed-16.png
    ────────────────────────────────────────────────────────────────────────────────────────────────

    attachment #20: screenshot (image/png) ─────────────────────────────────────────────────────────
    test-results\ai-edge-cases-고급-테스트-기능-대량-동시-주문-처리-성능-chromium\test-failed-13.png
    ────────────────────────────────────────────────────────────────────────────────────────────────

    attachment #21: screenshot (image/png) ─────────────────────────────────────────────────────────
    test-results\ai-edge-cases-고급-테스트-기능-대량-동시-주문-처리-성능-chromium\test-failed-31.png
    ────────────────────────────────────────────────────────────────────────────────────────────────

    attachment #22: screenshot (image/png) ─────────────────────────────────────────────────────────
    test-results\ai-edge-cases-고급-테스트-기능-대량-동시-주문-처리-성능-chromium\test-failed-22.png
    ────────────────────────────────────────────────────────────────────────────────────────────────

    attachment #23: screenshot (image/png) ─────────────────────────────────────────────────────────
    test-results\ai-edge-cases-고급-테스트-기능-대량-동시-주문-처리-성능-chromium\test-failed-26.png
    ────────────────────────────────────────────────────────────────────────────────────────────────

    attachment #24: screenshot (image/png) ─────────────────────────────────────────────────────────
    test-results\ai-edge-cases-고급-테스트-기능-대량-동시-주문-처리-성능-chromium\test-failed-20.png
    ────────────────────────────────────────────────────────────────────────────────────────────────

    attachment #25: screenshot (image/png) ─────────────────────────────────────────────────────────
    test-results\ai-edge-cases-고급-테스트-기능-대량-동시-주문-처리-성능-chromium\test-failed-21.png
    ────────────────────────────────────────────────────────────────────────────────────────────────

    attachment #26: screenshot (image/png) ─────────────────────────────────────────────────────────
    test-results\ai-edge-cases-고급-테스트-기능-대량-동시-주문-처리-성능-chromium\test-failed-23.png
    ────────────────────────────────────────────────────────────────────────────────────────────────

    attachment #27: screenshot (image/png) ─────────────────────────────────────────────────────────
    test-results\ai-edge-cases-고급-테스트-기능-대량-동시-주문-처리-성능-chromium\test-failed-27.png
    ────────────────────────────────────────────────────────────────────────────────────────────────

    attachment #28: screenshot (image/png) ─────────────────────────────────────────────────────────
    test-results\ai-edge-cases-고급-테스트-기능-대량-동시-주문-처리-성능-chromium\test-failed-25.png
    ────────────────────────────────────────────────────────────────────────────────────────────────

    attachment #29: screenshot (image/png) ─────────────────────────────────────────────────────────
    test-results\ai-edge-cases-고급-테스트-기능-대량-동시-주문-처리-성능-chromium\test-failed-29.png
    ────────────────────────────────────────────────────────────────────────────────────────────────

    attachment #30: screenshot (image/png) ─────────────────────────────────────────────────────────
    test-results\ai-edge-cases-고급-테스트-기능-대량-동시-주문-처리-성능-chromium\test-failed-32.png
    ────────────────────────────────────────────────────────────────────────────────────────────────

    attachment #31: screenshot (image/png) ─────────────────────────────────────────────────────────
    test-results\ai-edge-cases-고급-테스트-기능-대량-동시-주문-처리-성능-chromium\test-failed-33.png
    ────────────────────────────────────────────────────────────────────────────────────────────────

    attachment #32: screenshot (image/png) ─────────────────────────────────────────────────────────
    test-results\ai-edge-cases-고급-테스트-기능-대량-동시-주문-처리-성능-chromium\test-failed-28.png
    ────────────────────────────────────────────────────────────────────────────────────────────────

    attachment #33: screenshot (image/png) ─────────────────────────────────────────────────────────
    test-results\ai-edge-cases-고급-테스트-기능-대량-동시-주문-처리-성능-chromium\test-failed-30.png
    ────────────────────────────────────────────────────────────────────────────────────────────────

    attachment #34: screenshot (image/png) ─────────────────────────────────────────────────────────
    test-results\ai-edge-cases-고급-테스트-기능-대량-동시-주문-처리-성능-chromium\test-failed-39.png
    ────────────────────────────────────────────────────────────────────────────────────────────────

    attachment #35: screenshot (image/png) ─────────────────────────────────────────────────────────
    test-results\ai-edge-cases-고급-테스트-기능-대량-동시-주문-처리-성능-chromium\test-failed-40.png
    ────────────────────────────────────────────────────────────────────────────────────────────────

    attachment #36: screenshot (image/png) ─────────────────────────────────────────────────────────
    test-results\ai-edge-cases-고급-테스트-기능-대량-동시-주문-처리-성능-chromium\test-failed-35.png
    ────────────────────────────────────────────────────────────────────────────────────────────────

    attachment #37: screenshot (image/png) ─────────────────────────────────────────────────────────
    test-results\ai-edge-cases-고급-테스트-기능-대량-동시-주문-처리-성능-chromium\test-failed-38.png
    ────────────────────────────────────────────────────────────────────────────────────────────────

    attachment #38: screenshot (image/png) ─────────────────────────────────────────────────────────
    test-results\ai-edge-cases-고급-테스트-기능-대량-동시-주문-처리-성능-chromium\test-failed-37.png
    ────────────────────────────────────────────────────────────────────────────────────────────────

    attachment #39: screenshot (image/png) ─────────────────────────────────────────────────────────
    test-results\ai-edge-cases-고급-테스트-기능-대량-동시-주문-처리-성능-chromium\test-failed-41.png
    ────────────────────────────────────────────────────────────────────────────────────────────────

    attachment #40: screenshot (image/png) ─────────────────────────────────────────────────────────
    test-results\ai-edge-cases-고급-테스트-기능-대량-동시-주문-처리-성능-chromium\test-failed-36.png
    ────────────────────────────────────────────────────────────────────────────────────────────────

    attachment #41: screenshot (image/png) ─────────────────────────────────────────────────────────
    test-results\ai-edge-cases-고급-테스트-기능-대량-동시-주문-처리-성능-chromium\test-failed-42.png
    ────────────────────────────────────────────────────────────────────────────────────────────────

    attachment #42: screenshot (image/png) ─────────────────────────────────────────────────────────
    test-results\ai-edge-cases-고급-테스트-기능-대량-동시-주문-처리-성능-chromium\test-failed-34.png
    ────────────────────────────────────────────────────────────────────────────────────────────────

    attachment #43: screenshot (image/png) ─────────────────────────────────────────────────────────
    test-results\ai-edge-cases-고급-테스트-기능-대량-동시-주문-처리-성능-chromium\test-failed-43.png
    ────────────────────────────────────────────────────────────────────────────────────────────────

    attachment #44: screenshot (image/png) ─────────────────────────────────────────────────────────
    test-results\ai-edge-cases-고급-테스트-기능-대량-동시-주문-처리-성능-chromium\test-failed-44.png
    ────────────────────────────────────────────────────────────────────────────────────────────────

    attachment #45: screenshot (image/png) ─────────────────────────────────────────────────────────
    test-results\ai-edge-cases-고급-테스트-기능-대량-동시-주문-처리-성능-chromium\test-failed-45.png
    ────────────────────────────────────────────────────────────────────────────────────────────────

    attachment #46: screenshot (image/png) ─────────────────────────────────────────────────────────
    test-results\ai-edge-cases-고급-테스트-기능-대량-동시-주문-처리-성능-chromium\test-failed-46.png
    ────────────────────────────────────────────────────────────────────────────────────────────────

    attachment #47: screenshot (image/png) ─────────────────────────────────────────────────────────
    test-results\ai-edge-cases-고급-테스트-기능-대량-동시-주문-처리-성능-chromium\test-failed-49.png
    ────────────────────────────────────────────────────────────────────────────────────────────────

    attachment #48: screenshot (image/png) ─────────────────────────────────────────────────────────
    test-results\ai-edge-cases-고급-테스트-기능-대량-동시-주문-처리-성능-chromium\test-failed-48.png
    ────────────────────────────────────────────────────────────────────────────────────────────────

    attachment #49: screenshot (image/png) ─────────────────────────────────────────────────────────
    test-results\ai-edge-cases-고급-테스트-기능-대량-동시-주문-처리-성능-chromium\test-failed-47.png
    ────────────────────────────────────────────────────────────────────────────────────────────────

    attachment #50: screenshot (image/png) ─────────────────────────────────────────────────────────
    test-results\ai-edge-cases-고급-테스트-기능-대량-동시-주문-처리-성능-chromium\test-failed-50.png
    ────────────────────────────────────────────────────────────────────────────────────────────────
]]>
</failure>
<system-out>
<![CDATA[Mocking auto-playwright action: 사용자 0의 주문 완료
Mocking auto-playwright action: 사용자 1의 주문 완료
Mocking auto-playwright action: 사용자 2의 주문 완료
Mocking auto-playwright action: 사용자 3의 주문 완료
Mocking auto-playwright action: 사용자 4의 주문 완료
Mocking auto-playwright action: 사용자 5의 주문 완료
Mocking auto-playwright action: 사용자 6의 주문 완료
Mocking auto-playwright action: 사용자 7의 주문 완료
Mocking auto-playwright action: 사용자 8의 주문 완료
Mocking auto-playwright action: 사용자 9의 주문 완료
Mocking auto-playwright action: 사용자 10의 주문 완료
Mocking auto-playwright action: 사용자 11의 주문 완료
Mocking auto-playwright action: 사용자 12의 주문 완료
Mocking auto-playwright action: 사용자 13의 주문 완료
Mocking auto-playwright action: 사용자 14의 주문 완료
Mocking auto-playwright action: 사용자 15의 주문 완료
Mocking auto-playwright action: 사용자 16의 주문 완료
Mocking auto-playwright action: 사용자 17의 주문 완료
Mocking auto-playwright action: 사용자 18의 주문 완료
Mocking auto-playwright action: 사용자 19의 주문 완료
Mocking auto-playwright action: 사용자 20의 주문 완료
Mocking auto-playwright action: 사용자 21의 주문 완료
Mocking auto-playwright action: 사용자 22의 주문 완료
Mocking auto-playwright action: 사용자 23의 주문 완료
Mocking auto-playwright action: 사용자 24의 주문 완료
Mocking auto-playwright action: 사용자 25의 주문 완료
Mocking auto-playwright action: 사용자 26의 주문 완료
Mocking auto-playwright action: 사용자 27의 주문 완료
Mocking auto-playwright action: 사용자 28의 주문 완료
Mocking auto-playwright action: 사용자 29의 주문 완료
Mocking auto-playwright action: 사용자 30의 주문 완료
Mocking auto-playwright action: 사용자 31의 주문 완료
Mocking auto-playwright action: 사용자 32의 주문 완료
Mocking auto-playwright action: 사용자 33의 주문 완료
Mocking auto-playwright action: 사용자 34의 주문 완료
Mocking auto-playwright action: 사용자 35의 주문 완료
Mocking auto-playwright action: 사용자 36의 주문 완료
Mocking auto-playwright action: 사용자 37의 주문 완료
Mocking auto-playwright action: 사용자 38의 주문 완료
Mocking auto-playwright action: 사용자 39의 주문 완료
Mocking auto-playwright action: 사용자 40의 주문 완료
Mocking auto-playwright action: 사용자 41의 주문 완료
Mocking auto-playwright action: 사용자 42의 주문 완료
Mocking auto-playwright action: 사용자 43의 주문 완료
Mocking auto-playwright action: 사용자 44의 주문 완료
Mocking auto-playwright action: 사용자 45의 주문 완료
Mocking auto-playwright action: 사용자 46의 주문 완료
Mocking auto-playwright action: 사용자 47의 주문 완료
Mocking auto-playwright action: 사용자 48의 주문 완료
Mocking auto-playwright action: 사용자 49의 주문 완료

[[ATTACHMENT|test-results\ai-edge-cases-고급-테스트-기능-대량-동시-주문-처리-성능-chromium\test-failed-2.png]]

[[ATTACHMENT|test-results\ai-edge-cases-고급-테스트-기능-대량-동시-주문-처리-성능-chromium\test-failed-9.png]]

[[ATTACHMENT|test-results\ai-edge-cases-고급-테스트-기능-대량-동시-주문-처리-성능-chromium\test-failed-4.png]]

[[ATTACHMENT|test-results\ai-edge-cases-고급-테스트-기능-대량-동시-주문-처리-성능-chromium\test-failed-5.png]]

[[ATTACHMENT|test-results\ai-edge-cases-고급-테스트-기능-대량-동시-주문-처리-성능-chromium\test-failed-11.png]]

[[ATTACHMENT|test-results\ai-edge-cases-고급-테스트-기능-대량-동시-주문-처리-성능-chromium\test-failed-10.png]]

[[ATTACHMENT|test-results\ai-edge-cases-고급-테스트-기능-대량-동시-주문-처리-성능-chromium\test-failed-1.png]]

[[ATTACHMENT|test-results\ai-edge-cases-고급-테스트-기능-대량-동시-주문-처리-성능-chromium\test-failed-7.png]]

[[ATTACHMENT|test-results\ai-edge-cases-고급-테스트-기능-대량-동시-주문-처리-성능-chromium\test-failed-6.png]]

[[ATTACHMENT|test-results\ai-edge-cases-고급-테스트-기능-대량-동시-주문-처리-성능-chromium\test-failed-3.png]]

[[ATTACHMENT|test-results\ai-edge-cases-고급-테스트-기능-대량-동시-주문-처리-성능-chromium\test-failed-12.png]]

[[ATTACHMENT|test-results\ai-edge-cases-고급-테스트-기능-대량-동시-주문-처리-성능-chromium\test-failed-8.png]]

[[ATTACHMENT|test-results\ai-edge-cases-고급-테스트-기능-대량-동시-주문-처리-성능-chromium\test-failed-17.png]]

[[ATTACHMENT|test-results\ai-edge-cases-고급-테스트-기능-대량-동시-주문-처리-성능-chromium\test-failed-18.png]]

[[ATTACHMENT|test-results\ai-edge-cases-고급-테스트-기능-대량-동시-주문-처리-성능-chromium\test-failed-19.png]]

[[ATTACHMENT|test-results\ai-edge-cases-고급-테스트-기능-대량-동시-주문-처리-성능-chromium\test-failed-24.png]]

[[ATTACHMENT|test-results\ai-edge-cases-고급-테스트-기능-대량-동시-주문-처리-성능-chromium\test-failed-14.png]]

[[ATTACHMENT|test-results\ai-edge-cases-고급-테스트-기능-대량-동시-주문-처리-성능-chromium\test-failed-15.png]]

[[ATTACHMENT|test-results\ai-edge-cases-고급-테스트-기능-대량-동시-주문-처리-성능-chromium\test-failed-16.png]]

[[ATTACHMENT|test-results\ai-edge-cases-고급-테스트-기능-대량-동시-주문-처리-성능-chromium\test-failed-13.png]]

[[ATTACHMENT|test-results\ai-edge-cases-고급-테스트-기능-대량-동시-주문-처리-성능-chromium\test-failed-31.png]]

[[ATTACHMENT|test-results\ai-edge-cases-고급-테스트-기능-대량-동시-주문-처리-성능-chromium\test-failed-22.png]]

[[ATTACHMENT|test-results\ai-edge-cases-고급-테스트-기능-대량-동시-주문-처리-성능-chromium\test-failed-26.png]]

[[ATTACHMENT|test-results\ai-edge-cases-고급-테스트-기능-대량-동시-주문-처리-성능-chromium\test-failed-20.png]]

[[ATTACHMENT|test-results\ai-edge-cases-고급-테스트-기능-대량-동시-주문-처리-성능-chromium\test-failed-21.png]]

[[ATTACHMENT|test-results\ai-edge-cases-고급-테스트-기능-대량-동시-주문-처리-성능-chromium\test-failed-23.png]]

[[ATTACHMENT|test-results\ai-edge-cases-고급-테스트-기능-대량-동시-주문-처리-성능-chromium\test-failed-27.png]]

[[ATTACHMENT|test-results\ai-edge-cases-고급-테스트-기능-대량-동시-주문-처리-성능-chromium\test-failed-25.png]]

[[ATTACHMENT|test-results\ai-edge-cases-고급-테스트-기능-대량-동시-주문-처리-성능-chromium\test-failed-29.png]]

[[ATTACHMENT|test-results\ai-edge-cases-고급-테스트-기능-대량-동시-주문-처리-성능-chromium\test-failed-32.png]]

[[ATTACHMENT|test-results\ai-edge-cases-고급-테스트-기능-대량-동시-주문-처리-성능-chromium\test-failed-33.png]]

[[ATTACHMENT|test-results\ai-edge-cases-고급-테스트-기능-대량-동시-주문-처리-성능-chromium\test-failed-28.png]]

[[ATTACHMENT|test-results\ai-edge-cases-고급-테스트-기능-대량-동시-주문-처리-성능-chromium\test-failed-30.png]]

[[ATTACHMENT|test-results\ai-edge-cases-고급-테스트-기능-대량-동시-주문-처리-성능-chromium\test-failed-39.png]]

[[ATTACHMENT|test-results\ai-edge-cases-고급-테스트-기능-대량-동시-주문-처리-성능-chromium\test-failed-40.png]]

[[ATTACHMENT|test-results\ai-edge-cases-고급-테스트-기능-대량-동시-주문-처리-성능-chromium\test-failed-35.png]]

[[ATTACHMENT|test-results\ai-edge-cases-고급-테스트-기능-대량-동시-주문-처리-성능-chromium\test-failed-38.png]]

[[ATTACHMENT|test-results\ai-edge-cases-고급-테스트-기능-대량-동시-주문-처리-성능-chromium\test-failed-37.png]]

[[ATTACHMENT|test-results\ai-edge-cases-고급-테스트-기능-대량-동시-주문-처리-성능-chromium\test-failed-41.png]]

[[ATTACHMENT|test-results\ai-edge-cases-고급-테스트-기능-대량-동시-주문-처리-성능-chromium\test-failed-36.png]]

[[ATTACHMENT|test-results\ai-edge-cases-고급-테스트-기능-대량-동시-주문-처리-성능-chromium\test-failed-42.png]]

[[ATTACHMENT|test-results\ai-edge-cases-고급-테스트-기능-대량-동시-주문-처리-성능-chromium\test-failed-34.png]]

[[ATTACHMENT|test-results\ai-edge-cases-고급-테스트-기능-대량-동시-주문-처리-성능-chromium\test-failed-43.png]]

[[ATTACHMENT|test-results\ai-edge-cases-고급-테스트-기능-대량-동시-주문-처리-성능-chromium\test-failed-44.png]]

[[ATTACHMENT|test-results\ai-edge-cases-고급-테스트-기능-대량-동시-주문-처리-성능-chromium\test-failed-45.png]]

[[ATTACHMENT|test-results\ai-edge-cases-고급-테스트-기능-대량-동시-주문-처리-성능-chromium\test-failed-46.png]]

[[ATTACHMENT|test-results\ai-edge-cases-고급-테스트-기능-대량-동시-주문-처리-성능-chromium\test-failed-49.png]]

[[ATTACHMENT|test-results\ai-edge-cases-고급-테스트-기능-대량-동시-주문-처리-성능-chromium\test-failed-48.png]]

[[ATTACHMENT|test-results\ai-edge-cases-고급-테스트-기능-대량-동시-주문-처리-성능-chromium\test-failed-47.png]]

[[ATTACHMENT|test-results\ai-edge-cases-고급-테스트-기능-대량-동시-주문-처리-성능-chromium\test-failed-50.png]]
]]>
</system-out>
<system-err>
<![CDATA[Error during auto-playwright action: 사용자 34의 주문 완료 page.fill: Test ended.
Call log:
[2m  - waiting for locator('[data-testid="user-input"]')[22m

    at auto [90m(C:\Cline\First_Project\AsyncFlow_Commerce\[39me2e\ai-edge-cases.spec.ts:26:18[90m)[39m
    at [90mC:\Cline\First_Project\AsyncFlow_Commerce\[39me2e\ai-edge-cases.spec.ts:147:9
    at [90mC:\Cline\First_Project\AsyncFlow_Commerce\[39me2e\ai-edge-cases.spec.ts:145:5
Error during auto-playwright action: 사용자 45의 주문 완료 page.fill: Test ended.
Call log:
[2m  - waiting for locator('[data-testid="user-input"]')[22m

    at auto [90m(C:\Cline\First_Project\AsyncFlow_Commerce\[39me2e\ai-edge-cases.spec.ts:26:18[90m)[39m
    at [90mC:\Cline\First_Project\AsyncFlow_Commerce\[39me2e\ai-edge-cases.spec.ts:147:9
    at [90mC:\Cline\First_Project\AsyncFlow_Commerce\[39me2e\ai-edge-cases.spec.ts:145:5
Error during auto-playwright action: 사용자 13의 주문 완료 page.fill: Test ended.
Call log:
[2m  - waiting for locator('[data-testid="user-input"]')[22m

    at auto [90m(C:\Cline\First_Project\AsyncFlow_Commerce\[39me2e\ai-edge-cases.spec.ts:26:18[90m)[39m
    at [90mC:\Cline\First_Project\AsyncFlow_Commerce\[39me2e\ai-edge-cases.spec.ts:147:9
    at [90mC:\Cline\First_Project\AsyncFlow_Commerce\[39me2e\ai-edge-cases.spec.ts:145:5
Error during auto-playwright action: 사용자 36의 주문 완료 page.fill: Test ended.
Call log:
[2m  - waiting for locator('[data-testid="user-input"]')[22m

    at auto [90m(C:\Cline\First_Project\AsyncFlow_Commerce\[39me2e\ai-edge-cases.spec.ts:26:18[90m)[39m
    at [90mC:\Cline\First_Project\AsyncFlow_Commerce\[39me2e\ai-edge-cases.spec.ts:147:9
    at [90mC:\Cline\First_Project\AsyncFlow_Commerce\[39me2e\ai-edge-cases.spec.ts:145:5
Error during auto-playwright action: 사용자 23의 주문 완료 page.fill: Test ended.
Call log:
[2m  - waiting for locator('[data-testid="user-input"]')[22m

    at auto [90m(C:\Cline\First_Project\AsyncFlow_Commerce\[39me2e\ai-edge-cases.spec.ts:26:18[90m)[39m
    at [90mC:\Cline\First_Project\AsyncFlow_Commerce\[39me2e\ai-edge-cases.spec.ts:147:9
    at [90mC:\Cline\First_Project\AsyncFlow_Commerce\[39me2e\ai-edge-cases.spec.ts:145:5
Error during auto-playwright action: 사용자 33의 주문 완료 page.fill: Test ended.
Call log:
[2m  - waiting for locator('[data-testid="user-input"]')[22m

    at auto [90m(C:\Cline\First_Project\AsyncFlow_Commerce\[39me2e\ai-edge-cases.spec.ts:26:18[90m)[39m
    at [90mC:\Cline\First_Project\AsyncFlow_Commerce\[39me2e\ai-edge-cases.spec.ts:147:9
    at [90mC:\Cline\First_Project\AsyncFlow_Commerce\[39me2e\ai-edge-cases.spec.ts:145:5
Error during auto-playwright action: 사용자 19의 주문 완료 page.fill: Test ended.
Call log:
[2m  - waiting for locator('[data-testid="user-input"]')[22m

    at auto [90m(C:\Cline\First_Project\AsyncFlow_Commerce\[39me2e\ai-edge-cases.spec.ts:26:18[90m)[39m
    at [90mC:\Cline\First_Project\AsyncFlow_Commerce\[39me2e\ai-edge-cases.spec.ts:147:9
    at [90mC:\Cline\First_Project\AsyncFlow_Commerce\[39me2e\ai-edge-cases.spec.ts:145:5
Error during auto-playwright action: 사용자 22의 주문 완료 page.fill: Test ended.
Call log:
[2m  - waiting for locator('[data-testid="user-input"]')[22m

    at auto [90m(C:\Cline\First_Project\AsyncFlow_Commerce\[39me2e\ai-edge-cases.spec.ts:26:18[90m)[39m
    at [90mC:\Cline\First_Project\AsyncFlow_Commerce\[39me2e\ai-edge-cases.spec.ts:147:9
    at [90mC:\Cline\First_Project\AsyncFlow_Commerce\[39me2e\ai-edge-cases.spec.ts:145:5
Error during auto-playwright action: 사용자 25의 주문 완료 page.fill: Test ended.
Call log:
[2m  - waiting for locator('[data-testid="user-input"]')[22m

    at auto [90m(C:\Cline\First_Project\AsyncFlow_Commerce\[39me2e\ai-edge-cases.spec.ts:26:18[90m)[39m
    at [90mC:\Cline\First_Project\AsyncFlow_Commerce\[39me2e\ai-edge-cases.spec.ts:147:9
    at [90mC:\Cline\First_Project\AsyncFlow_Commerce\[39me2e\ai-edge-cases.spec.ts:145:5
Error during auto-playwright action: 사용자 2의 주문 완료 page.fill: Test ended.
Call log:
[2m  - waiting for locator('[data-testid="user-input"]')[22m

    at auto [90m(C:\Cline\First_Project\AsyncFlow_Commerce\[39me2e\ai-edge-cases.spec.ts:26:18[90m)[39m
    at [90mC:\Cline\First_Project\AsyncFlow_Commerce\[39me2e\ai-edge-cases.spec.ts:147:9
    at [90mC:\Cline\First_Project\AsyncFlow_Commerce\[39me2e\ai-edge-cases.spec.ts:145:5
Error during auto-playwright action: 사용자 27의 주문 완료 page.fill: Test ended.
Call log:
[2m  - waiting for locator('[data-testid="user-input"]')[22m

    at auto [90m(C:\Cline\First_Project\AsyncFlow_Commerce\[39me2e\ai-edge-cases.spec.ts:26:18[90m)[39m
    at [90mC:\Cline\First_Project\AsyncFlow_Commerce\[39me2e\ai-edge-cases.spec.ts:147:9
    at [90mC:\Cline\First_Project\AsyncFlow_Commerce\[39me2e\ai-edge-cases.spec.ts:145:5
Error during auto-playwright action: 사용자 29의 주문 완료 page.fill: Test ended.
Call log:
[2m  - waiting for locator('[data-testid="user-input"]')[22m

    at auto [90m(C:\Cline\First_Project\AsyncFlow_Commerce\[39me2e\ai-edge-cases.spec.ts:26:18[90m)[39m
    at [90mC:\Cline\First_Project\AsyncFlow_Commerce\[39me2e\ai-edge-cases.spec.ts:147:9
    at [90mC:\Cline\First_Project\AsyncFlow_Commerce\[39me2e\ai-edge-cases.spec.ts:145:5
Error during auto-playwright action: 사용자 35의 주문 완료 page.fill: Test ended.
Call log:
[2m  - waiting for locator('[data-testid="user-input"]')[22m

    at auto [90m(C:\Cline\First_Project\AsyncFlow_Commerce\[39me2e\ai-edge-cases.spec.ts:26:18[90m)[39m
    at [90mC:\Cline\First_Project\AsyncFlow_Commerce\[39me2e\ai-edge-cases.spec.ts:147:9
    at [90mC:\Cline\First_Project\AsyncFlow_Commerce\[39me2e\ai-edge-cases.spec.ts:145:5
Error during auto-playwright action: 사용자 43의 주문 완료 page.fill: Test ended.
Call log:
[2m  - waiting for locator('[data-testid="user-input"]')[22m

    at auto [90m(C:\Cline\First_Project\AsyncFlow_Commerce\[39me2e\ai-edge-cases.spec.ts:26:18[90m)[39m
    at [90mC:\Cline\First_Project\AsyncFlow_Commerce\[39me2e\ai-edge-cases.spec.ts:147:9
    at [90mC:\Cline\First_Project\AsyncFlow_Commerce\[39me2e\ai-edge-cases.spec.ts:145:5
Error during auto-playwright action: 사용자 40의 주문 완료 page.fill: Test ended.
Call log:
[2m  - waiting for locator('[data-testid="user-input"]')[22m

    at auto [90m(C:\Cline\First_Project\AsyncFlow_Commerce\[39me2e\ai-edge-cases.spec.ts:26:18[90m)[39m
    at [90mC:\Cline\First_Project\AsyncFlow_Commerce\[39me2e\ai-edge-cases.spec.ts:147:9
    at [90mC:\Cline\First_Project\AsyncFlow_Commerce\[39me2e\ai-edge-cases.spec.ts:145:5
Error during auto-playwright action: 사용자 6의 주문 완료 page.fill: Test ended.
Call log:
[2m  - waiting for locator('[data-testid="user-input"]')[22m

    at auto [90m(C:\Cline\First_Project\AsyncFlow_Commerce\[39me2e\ai-edge-cases.spec.ts:26:18[90m)[39m
    at [90mC:\Cline\First_Project\AsyncFlow_Commerce\[39me2e\ai-edge-cases.spec.ts:147:9
    at [90mC:\Cline\First_Project\AsyncFlow_Commerce\[39me2e\ai-edge-cases.spec.ts:145:5
Error during auto-playwright action: 사용자 18의 주문 완료 page.fill: Test ended.
Call log:
[2m  - waiting for locator('[data-testid="user-input"]')[22m

    at auto [90m(C:\Cline\First_Project\AsyncFlow_Commerce\[39me2e\ai-edge-cases.spec.ts:26:18[90m)[39m
    at [90mC:\Cline\First_Project\AsyncFlow_Commerce\[39me2e\ai-edge-cases.spec.ts:147:9
    at [90mC:\Cline\First_Project\AsyncFlow_Commerce\[39me2e\ai-edge-cases.spec.ts:145:5
Error during auto-playwright action: 사용자 12의 주문 완료 page.fill: Test ended.
Call log:
[2m  - waiting for locator('[data-testid="user-input"]')[22m

    at auto [90m(C:\Cline\First_Project\AsyncFlow_Commerce\[39me2e\ai-edge-cases.spec.ts:26:18[90m)[39m
    at [90mC:\Cline\First_Project\AsyncFlow_Commerce\[39me2e\ai-edge-cases.spec.ts:147:9
    at [90mC:\Cline\First_Project\AsyncFlow_Commerce\[39me2e\ai-edge-cases.spec.ts:145:5
Error during auto-playwright action: 사용자 24의 주문 완료 page.fill: Test ended.
Call log:
[2m  - waiting for locator('[data-testid="user-input"]')[22m

    at auto [90m(C:\Cline\First_Project\AsyncFlow_Commerce\[39me2e\ai-edge-cases.spec.ts:26:18[90m)[39m
    at [90mC:\Cline\First_Project\AsyncFlow_Commerce\[39me2e\ai-edge-cases.spec.ts:147:9
    at [90mC:\Cline\First_Project\AsyncFlow_Commerce\[39me2e\ai-edge-cases.spec.ts:145:5
Error during auto-playwright action: 사용자 10의 주문 완료 page.fill: Test ended.
Call log:
[2m  - waiting for locator('[data-testid="user-input"]')[22m

    at auto [90m(C:\Cline\First_Project\AsyncFlow_Commerce\[39me2e\ai-edge-cases.spec.ts:26:18[90m)[39m
    at [90mC:\Cline\First_Project\AsyncFlow_Commerce\[39me2e\ai-edge-cases.spec.ts:147:9
    at [90mC:\Cline\First_Project\AsyncFlow_Commerce\[39me2e\ai-edge-cases.spec.ts:145:5
Error during auto-playwright action: 사용자 14의 주문 완료 page.fill: Test ended.
Call log:
[2m  - waiting for locator('[data-testid="user-input"]')[22m

    at auto [90m(C:\Cline\First_Project\AsyncFlow_Commerce\[39me2e\ai-edge-cases.spec.ts:26:18[90m)[39m
    at [90mC:\Cline\First_Project\AsyncFlow_Commerce\[39me2e\ai-edge-cases.spec.ts:147:9
    at [90mC:\Cline\First_Project\AsyncFlow_Commerce\[39me2e\ai-edge-cases.spec.ts:145:5
Error during auto-playwright action: 사용자 41의 주문 완료 page.fill: Test ended.
Call log:
[2m  - waiting for locator('[data-testid="user-input"]')[22m

    at auto [90m(C:\Cline\First_Project\AsyncFlow_Commerce\[39me2e\ai-edge-cases.spec.ts:26:18[90m)[39m
    at [90mC:\Cline\First_Project\AsyncFlow_Commerce\[39me2e\ai-edge-cases.spec.ts:147:9
    at [90mC:\Cline\First_Project\AsyncFlow_Commerce\[39me2e\ai-edge-cases.spec.ts:145:5
Error during auto-playwright action: 사용자 7의 주문 완료 page.fill: Test ended.
Call log:
[2m  - waiting for locator('[data-testid="user-input"]')[22m

    at auto [90m(C:\Cline\First_Project\AsyncFlow_Commerce\[39me2e\ai-edge-cases.spec.ts:26:18[90m)[39m
    at [90mC:\Cline\First_Project\AsyncFlow_Commerce\[39me2e\ai-edge-cases.spec.ts:147:9
    at [90mC:\Cline\First_Project\AsyncFlow_Commerce\[39me2e\ai-edge-cases.spec.ts:145:5
Error during auto-playwright action: 사용자 0의 주문 완료 page.fill: Test ended.
Call log:
[2m  - waiting for locator('[data-testid="user-input"]')[22m

    at auto [90m(C:\Cline\First_Project\AsyncFlow_Commerce\[39me2e\ai-edge-cases.spec.ts:26:18[90m)[39m
    at [90mC:\Cline\First_Project\AsyncFlow_Commerce\[39me2e\ai-edge-cases.spec.ts:147:9
    at [90mC:\Cline\First_Project\AsyncFlow_Commerce\[39me2e\ai-edge-cases.spec.ts:145:5
Error during auto-playwright action: 사용자 8의 주문 완료 page.fill: Test ended.
Call log:
[2m  - waiting for locator('[data-testid="user-input"]')[22m

    at auto [90m(C:\Cline\First_Project\AsyncFlow_Commerce\[39me2e\ai-edge-cases.spec.ts:26:18[90m)[39m
    at [90mC:\Cline\First_Project\AsyncFlow_Commerce\[39me2e\ai-edge-cases.spec.ts:147:9
    at [90mC:\Cline\First_Project\AsyncFlow_Commerce\[39me2e\ai-edge-cases.spec.ts:145:5
Error during auto-playwright action: 사용자 30의 주문 완료 page.fill: Test ended.
Call log:
[2m  - waiting for locator('[data-testid="user-input"]')[22m

    at auto [90m(C:\Cline\First_Project\AsyncFlow_Commerce\[39me2e\ai-edge-cases.spec.ts:26:18[90m)[39m
    at [90mC:\Cline\First_Project\AsyncFlow_Commerce\[39me2e\ai-edge-cases.spec.ts:147:9
    at [90mC:\Cline\First_Project\AsyncFlow_Commerce\[39me2e\ai-edge-cases.spec.ts:145:5
Error during auto-playwright action: 사용자 37의 주문 완료 page.fill: Test ended.
Call log:
[2m  - waiting for locator('[data-testid="user-input"]')[22m

    at auto [90m(C:\Cline\First_Project\AsyncFlow_Commerce\[39me2e\ai-edge-cases.spec.ts:26:18[90m)[39m
    at [90mC:\Cline\First_Project\AsyncFlow_Commerce\[39me2e\ai-edge-cases.spec.ts:147:9
    at [90mC:\Cline\First_Project\AsyncFlow_Commerce\[39me2e\ai-edge-cases.spec.ts:145:5
Error during auto-playwright action: 사용자 11의 주문 완료 page.fill: Test ended.
Call log:
[2m  - waiting for locator('[data-testid="user-input"]')[22m

    at auto [90m(C:\Cline\First_Project\AsyncFlow_Commerce\[39me2e\ai-edge-cases.spec.ts:26:18[90m)[39m
    at [90mC:\Cline\First_Project\AsyncFlow_Commerce\[39me2e\ai-edge-cases.spec.ts:147:9
    at [90mC:\Cline\First_Project\AsyncFlow_Commerce\[39me2e\ai-edge-cases.spec.ts:145:5
Error during auto-playwright action: 사용자 26의 주문 완료 page.fill: Test ended.
Call log:
[2m  - waiting for locator('[data-testid="user-input"]')[22m

    at auto [90m(C:\Cline\First_Project\AsyncFlow_Commerce\[39me2e\ai-edge-cases.spec.ts:26:18[90m)[39m
    at [90mC:\Cline\First_Project\AsyncFlow_Commerce\[39me2e\ai-edge-cases.spec.ts:147:9
    at [90mC:\Cline\First_Project\AsyncFlow_Commerce\[39me2e\ai-edge-cases.spec.ts:145:5
Error during auto-playwright action: 사용자 38의 주문 완료 page.fill: Test ended.
Call log:
[2m  - waiting for locator('[data-testid="user-input"]')[22m

    at auto [90m(C:\Cline\First_Project\AsyncFlow_Commerce\[39me2e\ai-edge-cases.spec.ts:26:18[90m)[39m
    at [90mC:\Cline\First_Project\AsyncFlow_Commerce\[39me2e\ai-edge-cases.spec.ts:147:9
    at [90mC:\Cline\First_Project\AsyncFlow_Commerce\[39me2e\ai-edge-cases.spec.ts:145:5
Error during auto-playwright action: 사용자 1의 주문 완료 page.fill: Test ended.
Call log:
[2m  - waiting for locator('[data-testid="user-input"]')[22m

    at auto [90m(C:\Cline\First_Project\AsyncFlow_Commerce\[39me2e\ai-edge-cases.spec.ts:26:18[90m)[39m
    at [90mC:\Cline\First_Project\AsyncFlow_Commerce\[39me2e\ai-edge-cases.spec.ts:147:9
    at [90mC:\Cline\First_Project\AsyncFlow_Commerce\[39me2e\ai-edge-cases.spec.ts:145:5
Error during auto-playwright action: 사용자 9의 주문 완료 page.fill: Test ended.
Call log:
[2m  - waiting for locator('[data-testid="user-input"]')[22m

    at auto [90m(C:\Cline\First_Project\AsyncFlow_Commerce\[39me2e\ai-edge-cases.spec.ts:26:18[90m)[39m
    at [90mC:\Cline\First_Project\AsyncFlow_Commerce\[39me2e\ai-edge-cases.spec.ts:147:9
    at [90mC:\Cline\First_Project\AsyncFlow_Commerce\[39me2e\ai-edge-cases.spec.ts:145:5
Error during auto-playwright action: 사용자 32의 주문 완료 page.fill: Test ended.
Call log:
[2m  - waiting for locator('[data-testid="user-input"]')[22m

    at auto [90m(C:\Cline\First_Project\AsyncFlow_Commerce\[39me2e\ai-edge-cases.spec.ts:26:18[90m)[39m
    at [90mC:\Cline\First_Project\AsyncFlow_Commerce\[39me2e\ai-edge-cases.spec.ts:147:9
    at [90mC:\Cline\First_Project\AsyncFlow_Commerce\[39me2e\ai-edge-cases.spec.ts:145:5
Error during auto-playwright action: 사용자 15의 주문 완료 page.fill: Test ended.
Call log:
[2m  - waiting for locator('[data-testid="user-input"]')[22m

    at auto [90m(C:\Cline\First_Project\AsyncFlow_Commerce\[39me2e\ai-edge-cases.spec.ts:26:18[90m)[39m
    at [90mC:\Cline\First_Project\AsyncFlow_Commerce\[39me2e\ai-edge-cases.spec.ts:147:9
    at [90mC:\Cline\First_Project\AsyncFlow_Commerce\[39me2e\ai-edge-cases.spec.ts:145:5
Error during auto-playwright action: 사용자 16의 주문 완료 page.fill: Test ended.
Call log:
[2m  - waiting for locator('[data-testid="user-input"]')[22m

    at auto [90m(C:\Cline\First_Project\AsyncFlow_Commerce\[39me2e\ai-edge-cases.spec.ts:26:18[90m)[39m
    at [90mC:\Cline\First_Project\AsyncFlow_Commerce\[39me2e\ai-edge-cases.spec.ts:147:9
    at [90mC:\Cline\First_Project\AsyncFlow_Commerce\[39me2e\ai-edge-cases.spec.ts:145:5
Error during auto-playwright action: 사용자 17의 주문 완료 page.fill: Test ended.
Call log:
[2m  - waiting for locator('[data-testid="user-input"]')[22m

    at auto [90m(C:\Cline\First_Project\AsyncFlow_Commerce\[39me2e\ai-edge-cases.spec.ts:26:18[90m)[39m
    at [90mC:\Cline\First_Project\AsyncFlow_Commerce\[39me2e\ai-edge-cases.spec.ts:147:9
    at [90mC:\Cline\First_Project\AsyncFlow_Commerce\[39me2e\ai-edge-cases.spec.ts:145:5
Error during auto-playwright action: 사용자 31의 주문 완료 page.fill: Test ended.
Call log:
[2m  - waiting for locator('[data-testid="user-input"]')[22m

    at auto [90m(C:\Cline\First_Project\AsyncFlow_Commerce\[39me2e\ai-edge-cases.spec.ts:26:18[90m)[39m
    at [90mC:\Cline\First_Project\AsyncFlow_Commerce\[39me2e\ai-edge-cases.spec.ts:147:9
    at [90mC:\Cline\First_Project\AsyncFlow_Commerce\[39me2e\ai-edge-cases.spec.ts:145:5
Error during auto-playwright action: 사용자 44의 주문 완료 page.fill: Test ended.
Call log:
[2m  - waiting for locator('[data-testid="user-input"]')[22m

    at auto [90m(C:\Cline\First_Project\AsyncFlow_Commerce\[39me2e\ai-edge-cases.spec.ts:26:18[90m)[39m
    at [90mC:\Cline\First_Project\AsyncFlow_Commerce\[39me2e\ai-edge-cases.spec.ts:147:9
    at [90mC:\Cline\First_Project\AsyncFlow_Commerce\[39me2e\ai-edge-cases.spec.ts:145:5
Error during auto-playwright action: 사용자 5의 주문 완료 page.fill: Test ended.
Call log:
[2m  - waiting for locator('[data-testid="user-input"]')[22m

    at auto [90m(C:\Cline\First_Project\AsyncFlow_Commerce\[39me2e\ai-edge-cases.spec.ts:26:18[90m)[39m
    at [90mC:\Cline\First_Project\AsyncFlow_Commerce\[39me2e\ai-edge-cases.spec.ts:147:9
    at [90mC:\Cline\First_Project\AsyncFlow_Commerce\[39me2e\ai-edge-cases.spec.ts:145:5
Error during auto-playwright action: 사용자 28의 주문 완료 page.fill: Test ended.
Call log:
[2m  - waiting for locator('[data-testid="user-input"]')[22m

    at auto [90m(C:\Cline\First_Project\AsyncFlow_Commerce\[39me2e\ai-edge-cases.spec.ts:26:18[90m)[39m
    at [90mC:\Cline\First_Project\AsyncFlow_Commerce\[39me2e\ai-edge-cases.spec.ts:147:9
    at [90mC:\Cline\First_Project\AsyncFlow_Commerce\[39me2e\ai-edge-cases.spec.ts:145:5
Error during auto-playwright action: 사용자 48의 주문 완료 page.fill: Test ended.
Call log:
[2m  - waiting for locator('[data-testid="user-input"]')[22m

    at auto [90m(C:\Cline\First_Project\AsyncFlow_Commerce\[39me2e\ai-edge-cases.spec.ts:26:18[90m)[39m
    at [90mC:\Cline\First_Project\AsyncFlow_Commerce\[39me2e\ai-edge-cases.spec.ts:147:9
    at [90mC:\Cline\First_Project\AsyncFlow_Commerce\[39me2e\ai-edge-cases.spec.ts:145:5
Error during auto-playwright action: 사용자 46의 주문 완료 page.fill: Test ended.
Call log:
[2m  - waiting for locator('[data-testid="user-input"]')[22m

    at auto [90m(C:\Cline\First_Project\AsyncFlow_Commerce\[39me2e\ai-edge-cases.spec.ts:26:18[90m)[39m
    at [90mC:\Cline\First_Project\AsyncFlow_Commerce\[39me2e\ai-edge-cases.spec.ts:147:9
    at [90mC:\Cline\First_Project\AsyncFlow_Commerce\[39me2e\ai-edge-cases.spec.ts:145:5
Error during auto-playwright action: 사용자 47의 주문 완료 page.fill: Test ended.
Call log:
[2m  - waiting for locator('[data-testid="user-input"]')[22m

    at auto [90m(C:\Cline\First_Project\AsyncFlow_Commerce\[39me2e\ai-edge-cases.spec.ts:26:18[90m)[39m
    at [90mC:\Cline\First_Project\AsyncFlow_Commerce\[39me2e\ai-edge-cases.spec.ts:147:9
    at [90mC:\Cline\First_Project\AsyncFlow_Commerce\[39me2e\ai-edge-cases.spec.ts:145:5
Error during auto-playwright action: 사용자 49의 주문 완료 page.fill: Test ended.
Call log:
[2m  - waiting for locator('[data-testid="user-input"]')[22m

    at auto [90m(C:\Cline\First_Project\AsyncFlow_Commerce\[39me2e\ai-edge-cases.spec.ts:26:18[90m)[39m
    at [90mC:\Cline\First_Project\AsyncFlow_Commerce\[39me2e\ai-edge-cases.spec.ts:147:9
    at [90mC:\Cline\First_Project\AsyncFlow_Commerce\[39me2e\ai-edge-cases.spec.ts:145:5
Error during auto-playwright action: 사용자 3의 주문 완료 page.fill: Test ended.
Call log:
[2m  - waiting for locator('[data-testid="user-input"]')[22m

    at auto [90m(C:\Cline\First_Project\AsyncFlow_Commerce\[39me2e\ai-edge-cases.spec.ts:26:18[90m)[39m
    at [90mC:\Cline\First_Project\AsyncFlow_Commerce\[39me2e\ai-edge-cases.spec.ts:147:9
    at [90mC:\Cline\First_Project\AsyncFlow_Commerce\[39me2e\ai-edge-cases.spec.ts:145:5
Error during auto-playwright action: 사용자 20의 주문 완료 page.fill: Test ended.
Call log:
[2m  - waiting for locator('[data-testid="user-input"]')[22m

    at auto [90m(C:\Cline\First_Project\AsyncFlow_Commerce\[39me2e\ai-edge-cases.spec.ts:26:18[90m)[39m
    at [90mC:\Cline\First_Project\AsyncFlow_Commerce\[39me2e\ai-edge-cases.spec.ts:147:9
    at [90mC:\Cline\First_Project\AsyncFlow_Commerce\[39me2e\ai-edge-cases.spec.ts:145:5
Error during auto-playwright action: 사용자 39의 주문 완료 page.fill: Test ended.
Call log:
[2m  - waiting for locator('[data-testid="user-input"]')[22m

    at auto [90m(C:\Cline\First_Project\AsyncFlow_Commerce\[39me2e\ai-edge-cases.spec.ts:26:18[90m)[39m
    at [90mC:\Cline\First_Project\AsyncFlow_Commerce\[39me2e\ai-edge-cases.spec.ts:147:9
    at [90mC:\Cline\First_Project\AsyncFlow_Commerce\[39me2e\ai-edge-cases.spec.ts:145:5
Error during auto-playwright action: 사용자 4의 주문 완료 page.fill: Test ended.
Call log:
[2m  - waiting for locator('[data-testid="user-input"]')[22m

    at auto [90m(C:\Cline\First_Project\AsyncFlow_Commerce\[39me2e\ai-edge-cases.spec.ts:26:18[90m)[39m
    at [90mC:\Cline\First_Project\AsyncFlow_Commerce\[39me2e\ai-edge-cases.spec.ts:147:9
    at [90mC:\Cline\First_Project\AsyncFlow_Commerce\[39me2e\ai-edge-cases.spec.ts:145:5
Error during auto-playwright action: 사용자 21의 주문 완료 page.fill: Test ended.
Call log:
[2m  - waiting for locator('[data-testid="user-input"]')[22m

    at auto [90m(C:\Cline\First_Project\AsyncFlow_Commerce\[39me2e\ai-edge-cases.spec.ts:26:18[90m)[39m
    at [90mC:\Cline\First_Project\AsyncFlow_Commerce\[39me2e\ai-edge-cases.spec.ts:147:9
    at [90mC:\Cline\First_Project\AsyncFlow_Commerce\[39me2e\ai-edge-cases.spec.ts:145:5
Error during auto-playwright action: 사용자 42의 주문 완료 page.fill: Test ended.
Call log:
[2m  - waiting for locator('[data-testid="user-input"]')[22m

    at auto [90m(C:\Cline\First_Project\AsyncFlow_Commerce\[39me2e\ai-edge-cases.spec.ts:26:18[90m)[39m
    at [90mC:\Cline\First_Project\AsyncFlow_Commerce\[39me2e\ai-edge-cases.spec.ts:147:9
    at [90mC:\Cline\First_Project\AsyncFlow_Commerce\[39me2e\ai-edge-cases.spec.ts:145:5
]]>
</system-err>
</testcase>
<testcase name="고급 테스트 기능 › 네트워크 요청 패턴 분석" classname="ai-edge-cases.spec.ts" time="31.767">
<failure message="ai-edge-cases.spec.ts:157:7 네트워크 요청 패턴 분석" type="FAILURE">
<![CDATA[  [chromium] › ai-edge-cases.spec.ts:157:7 › 고급 테스트 기능 › 네트워크 요청 패턴 분석 ─────────────────────────────

    Test timeout of 30000ms exceeded.

    Error: expect(received).toBeGreaterThan(expected)

    Expected: > 3
    Received:   0

      177 |     );
      178 |
    > 179 |     expect(asyncRequests.length).toBeGreaterThan(3);
          |                                  ^
      180 |
      181 |     // Network timing validation
      182 |     const timings = await page.evaluate(() => performance.getEntriesByType('navigation') as PerformanceNavigationTiming[]);
        at C:\Cline\First_Project\AsyncFlow_Commerce\e2e\ai-edge-cases.spec.ts:179:34

    attachment #1: screenshot (image/png) ──────────────────────────────────────────────────────────
    test-results\ai-edge-cases-고급-테스트-기능-네트워크-요청-패턴-분석-chromium\test-failed-1.png
    ────────────────────────────────────────────────────────────────────────────────────────────────

    attachment #2: video (video/webm) ──────────────────────────────────────────────────────────────
    test-results\ai-edge-cases-고급-테스트-기능-네트워크-요청-패턴-분석-chromium\video.webm
    ────────────────────────────────────────────────────────────────────────────────────────────────

    Error Context: ..\test-results\ai-edge-cases-고급-테스트-기능-네트워크-요청-패턴-분석-chromium\error-context.md
]]>
</failure>
<system-out>
<![CDATA[Mocking auto-playwright action: 복잡한 주문 프로세스 실행

[[ATTACHMENT|test-results\ai-edge-cases-고급-테스트-기능-네트워크-요청-패턴-분석-chromium\test-failed-1.png]]

[[ATTACHMENT|test-results\ai-edge-cases-고급-테스트-기능-네트워크-요청-패턴-분석-chromium\video.webm]]

[[ATTACHMENT|test-results\ai-edge-cases-고급-테스트-기능-네트워크-요청-패턴-분석-chromium\error-context.md]]
]]>
</system-out>
<system-err>
<![CDATA[Error during auto-playwright action: 복잡한 주문 프로세스 실행 page.fill: Test timeout of 30000ms exceeded.
Call log:
[2m  - waiting for locator('[data-testid="email-input"]')[22m

    at auto [90m(C:\Cline\First_Project\AsyncFlow_Commerce\[39me2e\ai-edge-cases.spec.ts:30:18[90m)[39m
    at [90mC:\Cline\First_Project\AsyncFlow_Commerce\[39me2e\ai-edge-cases.spec.ts:173:5 {
  [[32mSymbol(step)[39m]: {
    stepId: [32m'pw:api@9'[39m,
    location: {
      file: [32m'C:\\Cline\\First_Project\\AsyncFlow_Commerce\\e2e\\ai-edge-cases.spec.ts'[39m,
      line: [33m30[39m,
      column: [33m18[39m,
      function: [32m'auto'[39m
    },
    category: [32m'pw:api'[39m,
    title: [32m'page.fill([data-testid="email-input"])'[39m,
    apiName: [32m'page.fill'[39m,
    params: {
      selector: [32m'[data-testid="email-input"]'[39m,
      value: [32m'test@example.com'[39m
    },
    boxedStack: [90mundefined[39m,
    steps: [],
    attachmentIndices: [],
    info: TestStepInfoImpl {
      annotations: [],
      _testInfo: [36m[TestInfoImpl][39m,
      _stepId: [32m'pw:api@9'[39m
    },
    complete: [36m[Function: complete][39m,
    endWallTime: [33m1750760591780[39m,
    error: {
      message: [32m'Error: page.fill: Test timeout of 30000ms exceeded.\n'[39m +
        [32m'Call log:\n'[39m +
        [32m`\x1B[2m  - waiting for locator('[data-testid="email-input"]')\x1B[22m\n`[39m,
      stack: [32m'Error: page.fill: Test timeout of 30000ms exceeded.\n'[39m +
        [32m'Call log:\n'[39m +
        [32m`\x1B[2m  - waiting for locator('[data-testid="email-input"]')\x1B[22m\n`[39m +
        [32m'\n'[39m +
        [32m'    at auto (C:\\Cline\\First_Project\\AsyncFlow_Commerce\\e2e\\ai-edge-cases.spec.ts:30:18)\n'[39m +
        [32m'    at C:\\Cline\\First_Project\\AsyncFlow_Commerce\\e2e\\ai-edge-cases.spec.ts:173:5'[39m,
      cause: [90mundefined[39m
    }
  }
}
]]>
</system-err>
</testcase>
<testcase name="고급 테스트 기능 › 주문 페이지 접근성 검증" classname="ai-edge-cases.spec.ts" time="31.767">
<failure message="ai-edge-cases.spec.ts:186:7 주문 페이지 접근성 검증" type="FAILURE">
<![CDATA[  [chromium] › ai-edge-cases.spec.ts:186:7 › 고급 테스트 기능 › 주문 페이지 접근성 검증 ─────────────────────────────

    Test timeout of 30000ms exceeded.

    Error: page.evaluate: Target page, context or browser has been closed

      197 |     await auto('메뉴 카테고리 변경', { page });
      198 |     // Specific component accessibility check
    > 199 |     await checkA11y(page, '.menu-items', {
          |                    ^
      200 |       axeOptions: { // Wrap rules in axeOptions
      201 |         rules: {
      202 |           'color-contrast': { enabled: true },
        at C:\Cline\First_Project\AsyncFlow_Commerce\node_modules\axe-playwright\dist\index.js:70:31
        at C:\Cline\First_Project\AsyncFlow_Commerce\node_modules\axe-playwright\dist\index.js:31:71
        at __awaiter (C:\Cline\First_Project\AsyncFlow_Commerce\node_modules\axe-playwright\dist\index.js:27:12)
        at getAxeResults (C:\Cline\First_Project\AsyncFlow_Commerce\node_modules\axe-playwright\dist\index.js:69:51)
        at C:\Cline\First_Project\AsyncFlow_Commerce\node_modules\axe-playwright\dist\index.js:83:52
        at C:\Cline\First_Project\AsyncFlow_Commerce\node_modules\axe-playwright\dist\index.js:31:71
        at __awaiter (C:\Cline\First_Project\AsyncFlow_Commerce\node_modules\axe-playwright\dist\index.js:27:12)
        at getViolations (C:\Cline\First_Project\AsyncFlow_Commerce\node_modules\axe-playwright\dist\index.js:82:51)
        at C:\Cline\First_Project\AsyncFlow_Commerce\node_modules\axe-playwright\dist\index.js:107:56
        at C:\Cline\First_Project\AsyncFlow_Commerce\node_modules\axe-playwright\dist\index.js:31:71
        at __awaiter (C:\Cline\First_Project\AsyncFlow_Commerce\node_modules\axe-playwright\dist\index.js:27:12)
        at checkA11y (C:\Cline\First_Project\AsyncFlow_Commerce\node_modules\axe-playwright\dist\index.js:105:139)
        at C:\Cline\First_Project\AsyncFlow_Commerce\e2e\ai-edge-cases.spec.ts:199:20

    attachment #1: screenshot (image/png) ──────────────────────────────────────────────────────────
    test-results\ai-edge-cases-고급-테스트-기능-주문-페이지-접근성-검증-chromium\test-failed-1.png
    ────────────────────────────────────────────────────────────────────────────────────────────────

    attachment #2: video (video/webm) ──────────────────────────────────────────────────────────────
    test-results\ai-edge-cases-고급-테스트-기능-주문-페이지-접근성-검증-chromium\video.webm
    ────────────────────────────────────────────────────────────────────────────────────────────────
]]>
</failure>
<system-out>
<![CDATA[No accessibility violations detected!
Mocking auto-playwright action: 메뉴 카테고리 변경

[[ATTACHMENT|test-results\ai-edge-cases-고급-테스트-기능-주문-페이지-접근성-검증-chromium\test-failed-1.png]]

[[ATTACHMENT|test-results\ai-edge-cases-고급-테스트-기능-주문-페이지-접근성-검증-chromium\video.webm]]
]]>
</system-out>
<system-err>
<![CDATA[Error during auto-playwright action: 메뉴 카테고리 변경 page.click: Test timeout of 30000ms exceeded.
Call log:
[2m  - waiting for locator('[data-testid="category-dropdown"]')[22m

    at auto [90m(C:\Cline\First_Project\AsyncFlow_Commerce\[39me2e\ai-edge-cases.spec.ts:34:18[90m)[39m
    at [90mC:\Cline\First_Project\AsyncFlow_Commerce\[39me2e\ai-edge-cases.spec.ts:197:11 {
  [[32mSymbol(step)[39m]: {
    stepId: [32m'pw:api@11'[39m,
    location: {
      file: [32m'C:\\Cline\\First_Project\\AsyncFlow_Commerce\\e2e\\ai-edge-cases.spec.ts'[39m,
      line: [33m34[39m,
      column: [33m18[39m,
      function: [32m'auto'[39m
    },
    category: [32m'pw:api'[39m,
    title: [32m'page.click([data-testid="category-dropdown"])'[39m,
    apiName: [32m'page.click'[39m,
    params: { selector: [32m'[data-testid="category-dropdown"]'[39m },
    boxedStack: [90mundefined[39m,
    steps: [],
    attachmentIndices: [],
    info: TestStepInfoImpl {
      annotations: [],
      _testInfo: [36m[TestInfoImpl][39m,
      _stepId: [32m'pw:api@11'[39m
    },
    complete: [36m[Function: complete][39m,
    endWallTime: [33m1750760591889[39m,
    error: {
      message: [32m'Error: page.click: Test timeout of 30000ms exceeded.\n'[39m +
        [32m'Call log:\n'[39m +
        [32m`\x1B[2m  - waiting for locator('[data-testid="category-dropdown"]')\x1B[22m\n`[39m,
      stack: [32m'Error: page.click: Test timeout of 30000ms exceeded.\n'[39m +
        [32m'Call log:\n'[39m +
        [32m`\x1B[2m  - waiting for locator('[data-testid="category-dropdown"]')\x1B[22m\n`[39m +
        [32m'\n'[39m +
        [32m'    at auto (C:\\Cline\\First_Project\\AsyncFlow_Commerce\\e2e\\ai-edge-cases.spec.ts:34:18)\n'[39m +
        [32m'    at C:\\Cline\\First_Project\\AsyncFlow_Commerce\\e2e\\ai-edge-cases.spec.ts:197:11'[39m,
      cause: [90mundefined[39m
    }
  }
}
]]>
</system-err>
</testcase>
</testsuite>
<testsuite name="example.spec.ts" timestamp="2025-06-24T10:22:40.569Z" hostname="chromium" tests="2" failures="0" skipped="0" time="4.361" errors="0">
<testcase name="has title" classname="example.spec.ts" time="2.187">
</testcase>
<testcase name="get started link" classname="example.spec.ts" time="2.174">
</testcase>
</testsuite>
<testsuite name="ai-edge-cases.spec.ts" timestamp="2025-06-24T10:22:40.569Z" hostname="firefox" tests="5" failures="5" skipped="0" time="127.515" errors="0">
<testcase name="AI 기반 엣지 케이스 테스트 › AI 생성 엣지 케이스 테스트" classname="ai-edge-cases.spec.ts" time="30.069">
<failure message="ai-edge-cases.spec.ts:100:7 AI 생성 엣지 케이스 테스트" type="FAILURE">
<![CDATA[  [firefox] › ai-edge-cases.spec.ts:100:7 › AI 기반 엣지 케이스 테스트 › AI 생성 엣지 케이스 테스트 ────────────────────

    Test timeout of 30000ms exceeded.

    attachment #1: screenshot (image/png) ──────────────────────────────────────────────────────────
    test-results\ai-edge-cases-AI-기반-엣지-케이스-테스트-AI-생성-엣지-케이스-테스트-firefox\test-failed-1.png
    ────────────────────────────────────────────────────────────────────────────────────────────────

    attachment #2: video (video/webm) ──────────────────────────────────────────────────────────────
    test-results\ai-edge-cases-AI-기반-엣지-케이스-테스트-AI-생성-엣지-케이스-테스트-firefox\video.webm
    ────────────────────────────────────────────────────────────────────────────────────────────────
]]>
</failure>
<system-out>
<![CDATA[Generating AI test cases for scenarios: 네트워크 연결이 불안정한 상황, 결제 중 브라우저 새로고침, 동일 사용자의 중복 주문, 재고 소진 중 동시 주문 via backend API.
Mocking auto-playwright action: Simulated action for: 네트워크 연결이 불안정한 상황
Mocking auto-playwright action: Simulated action for: 결제 중 브라우저 새로고침
Mocking auto-playwright action: Simulated action for: 동일 사용자의 중복 주문
Mocking auto-playwright action: Simulated action for: 재고 소진 중 동시 주문

[[ATTACHMENT|test-results\ai-edge-cases-AI-기반-엣지-케이스-테스트-AI-생성-엣지-케이스-테스트-firefox\test-failed-1.png]]

[[ATTACHMENT|test-results\ai-edge-cases-AI-기반-엣지-케이스-테스트-AI-생성-엣지-케이스-테스트-firefox\video.webm]]
]]>
</system-out>
<system-err>
<![CDATA[Error generating AI test cases from backend: AxiosError [AggregateError]: 
    at Function.AxiosError.from [90m(C:\Cline\First_Project\AsyncFlow_Commerce\[39mnode_modules\[4maxios[24m\lib\core\AxiosError.js:92:14[90m)[39m
    at RedirectableRequest.handleRequestError [90m(C:\Cline\First_Project\AsyncFlow_Commerce\[39mnode_modules\[4maxios[24m\lib\adapters\http.js:620:25[90m)[39m
[90m    at RedirectableRequest.emit (node:events:514:28)[39m
    at ClientRequest.eventHandlers.<computed> [90m(C:\Cline\First_Project\AsyncFlow_Commerce\[39mnode_modules\[4mfollow-redirects[24m\index.js:49:24[90m)[39m
[90m    at ClientRequest.emit (node:events:514:28)[39m
[90m    at Socket.socketErrorListener (node:_http_client:495:9)[39m
[90m    at Socket.emit (node:events:514:28)[39m
[90m    at emitErrorNT (node:internal/streams/destroy:151:8)[39m
[90m    at emitErrorCloseNT (node:internal/streams/destroy:116:3)[39m
[90m    at processTicksAndRejections (node:internal/process/task_queues:82:21)[39m
    at Axios.request [90m(C:\Cline\First_Project\AsyncFlow_Commerce\[39mnode_modules\[4maxios[24m\lib\core\Axios.js:45:41[90m)[39m
[90m    at processTicksAndRejections (node:internal/process/task_queues:95:5)[39m
    at generateAITestCases [90m(C:\Cline\First_Project\AsyncFlow_Commerce\[39me2e\ai-edge-cases.spec.ts:69:22[90m)[39m
    at [90mC:\Cline\First_Project\AsyncFlow_Commerce\[39me2e\ai-edge-cases.spec.ts:102:23
    at [90mC:\Cline\First_Project\AsyncFlow_Commerce\[39mnode_modules\[4mplaywright[24m\lib\worker\workerMain.js:304:9
    at [90mC:\Cline\First_Project\AsyncFlow_Commerce\[39mnode_modules\[4mplaywright[24m\lib\worker\testInfo.js:277:11
    at TimeoutManager.withRunnable [90m(C:\Cline\First_Project\AsyncFlow_Commerce\[39mnode_modules\[4mplaywright[24m\lib\worker\timeoutManager.js:67:14[90m)[39m
    at TestInfoImpl._runWithTimeout [90m(C:\Cline\First_Project\AsyncFlow_Commerce\[39mnode_modules\[4mplaywright[24m\lib\worker\testInfo.js:275:7[90m)[39m
    at [90mC:\Cline\First_Project\AsyncFlow_Commerce\[39mnode_modules\[4mplaywright[24m\lib\worker\workerMain.js:302:7
    at WorkerMain._runTest [90m(C:\Cline\First_Project\AsyncFlow_Commerce\[39mnode_modules\[4mplaywright[24m\lib\worker\workerMain.js:277:5[90m)[39m
    at WorkerMain.runTestGroup [90m(C:\Cline\First_Project\AsyncFlow_Commerce\[39mnode_modules\[4mplaywright[24m\lib\worker\workerMain.js:193:11[90m)[39m
    at process.<anonymous> [90m(C:\Cline\First_Project\AsyncFlow_Commerce\[39mnode_modules\[4mplaywright[24m\lib\common\process.js:70:22[90m)[39m {
  code: [32m'ECONNREFUSED'[39m,
  errors: [
    Error: connect ECONNREFUSED ::1:4000
    [90m    at createConnectionError (node:net:1634:14)[39m
    [90m    at afterConnectMultiple (node:net:1664:40)[39m
    [90m    at TCPConnectWrap.callbackTrampoline (node:internal/async_hooks:130:17)[39m {
      errno: [33m-4078[39m,
      code: [32m'ECONNREFUSED'[39m,
      syscall: [32m'connect'[39m,
      address: [32m'::1'[39m,
      port: [33m4000[39m
    },
    Error: connect ECONNREFUSED 127.0.0.1:4000
    [90m    at createConnectionError (node:net:1634:14)[39m
    [90m    at afterConnectMultiple (node:net:1664:40)[39m
    [90m    at TCPConnectWrap.callbackTrampoline (node:internal/async_hooks:130:17)[39m {
      errno: [33m-4078[39m,
      code: [32m'ECONNREFUSED'[39m,
      syscall: [32m'connect'[39m,
      address: [32m'127.0.0.1'[39m,
      port: [33m4000[39m
    }
  ],
  config: {
    transitional: {
      silentJSONParsing: [33mtrue[39m,
      forcedJSONParsing: [33mtrue[39m,
      clarifyTimeoutError: [33mfalse[39m
    },
    adapter: [ [32m'xhr'[39m, [32m'http'[39m, [32m'fetch'[39m ],
    transformRequest: [ [36m[Function: transformRequest][39m ],
    transformResponse: [ [36m[Function: transformResponse][39m ],
    timeout: [33m0[39m,
    xsrfCookieName: [32m'XSRF-TOKEN'[39m,
    xsrfHeaderName: [32m'X-XSRF-TOKEN'[39m,
    maxContentLength: [33m-1[39m,
    maxBodyLength: [33m-1[39m,
    env: { FormData: [36m[Function [FormData]][39m, Blob: [36m[class Blob][39m },
    validateStatus: [36m[Function: validateStatus][39m,
    headers: Object [AxiosHeaders] {
      Accept: [32m'application/json, text/plain, */*'[39m,
      [32m'Content-Type'[39m: [32m'application/json'[39m,
      [32m'User-Agent'[39m: [32m'axios/1.9.0'[39m,
      [32m'Content-Length'[39m: [32m'169'[39m,
      [32m'Accept-Encoding'[39m: [32m'gzip, compress, deflate, br'[39m
    },
    method: [32m'post'[39m,
    url: [32m'http://localhost:4000/ai/generate-test-cases'[39m,
    data: [32m'{"scenarios":["네트워크 연결이 불안정한 상황","결제 중 브라우저 새로고침","동일 사용자의 중복 주문","재고 소진 중 동시 주문"]}'[39m,
    allowAbsoluteUrls: [33mtrue[39m
  },
  request: [36m<ref *1>[39m Writable {
    _writableState: WritableState {
      highWaterMark: [33m16384[39m,
      length: [33m0[39m,
      corked: [33m0[39m,
      onwrite: [36m[Function: bound onwrite][39m,
      writelen: [33m0[39m,
      bufferedIndex: [33m0[39m,
      pendingcb: [33m0[39m,
      [[32mSymbol(kState)[39m]: [33m34357356[39m,
      [[32mSymbol(kBufferedValue)[39m]: [1mnull[22m
    },
    _events: [Object: null prototype] {
      response: [36m[Function: handleResponse][39m,
      error: [36m[Function: handleRequestError][39m,
      socket: [36m[Function: handleRequestSocket][39m
    },
    _eventsCount: [33m3[39m,
    _maxListeners: [90mundefined[39m,
    _options: {
      maxRedirects: [33m21[39m,
      maxBodyLength: [33mInfinity[39m,
      protocol: [32m'http:'[39m,
      path: [32m'/ai/generate-test-cases'[39m,
      method: [32m'POST'[39m,
      headers: [36m[Object: null prototype][39m,
      agents: [36m[Object][39m,
      auth: [90mundefined[39m,
      family: [90mundefined[39m,
      beforeRedirect: [36m[Function: dispatchBeforeRedirect][39m,
      beforeRedirects: [36m[Object][39m,
      hostname: [32m'localhost'[39m,
      port: [32m'4000'[39m,
      agent: [90mundefined[39m,
      nativeProtocols: [36m[Object][39m,
      pathname: [32m'/ai/generate-test-cases'[39m
    },
    _ended: [33mfalse[39m,
    _ending: [33mtrue[39m,
    _redirectCount: [33m0[39m,
    _redirects: [],
    _requestBodyLength: [33m169[39m,
    _requestBodyBuffers: [ [36m[Object][39m ],
    _onNativeResponse: [36m[Function (anonymous)][39m,
    _currentRequest: ClientRequest {
      _events: [36m[Object: null prototype][39m,
      _eventsCount: [33m7[39m,
      _maxListeners: [90mundefined[39m,
      outputData: [],
      outputSize: [33m0[39m,
      writable: [33mtrue[39m,
      destroyed: [33mfalse[39m,
      _last: [33mfalse[39m,
      chunkedEncoding: [33mfalse[39m,
      shouldKeepAlive: [33mtrue[39m,
      maxRequestsOnConnectionReached: [33mfalse[39m,
      _defaultKeepAlive: [33mtrue[39m,
      useChunkedEncodingByDefault: [33mtrue[39m,
      sendDate: [33mfalse[39m,
      _removedConnection: [33mfalse[39m,
      _removedContLen: [33mfalse[39m,
      _removedTE: [33mfalse[39m,
      strictContentLength: [33mfalse[39m,
      _contentLength: [32m'169'[39m,
      _hasBody: [33mtrue[39m,
      _trailer: [32m''[39m,
      finished: [33mfalse[39m,
      _headerSent: [33mtrue[39m,
      _closed: [33mfalse[39m,
      socket: [36m[Socket][39m,
      _header: [32m'POST /ai/generate-test-cases HTTP/1.1\r\n'[39m +
        [32m'Accept: application/json, text/plain, */*\r\n'[39m +
        [32m'Content-Type: application/json\r\n'[39m +
        [32m'User-Agent: axios/1.9.0\r\n'[39m +
        [32m'Content-Length: 169\r\n'[39m +
        [32m'Accept-Encoding: gzip, compress, deflate, br\r\n'[39m +
        [32m'Host: localhost:4000\r\n'[39m +
        [32m'Connection: keep-alive\r\n'[39m +
        [32m'\r\n'[39m,
      _keepAliveTimeout: [33m0[39m,
      _onPendingData: [36m[Function: nop][39m,
      agent: [36m[Agent][39m,
      socketPath: [90mundefined[39m,
      method: [32m'POST'[39m,
      maxHeaderSize: [90mundefined[39m,
      insecureHTTPParser: [90mundefined[39m,
      joinDuplicateHeaders: [90mundefined[39m,
      path: [32m'/ai/generate-test-cases'[39m,
      _ended: [33mfalse[39m,
      res: [1mnull[22m,
      aborted: [33mfalse[39m,
      timeoutCb: [36m[Function: emitRequestTimeout][39m,
      upgradeOrConnect: [33mfalse[39m,
      parser: [1mnull[22m,
      maxHeadersCount: [1mnull[22m,
      reusedSocket: [33mfalse[39m,
      host: [32m'localhost'[39m,
      protocol: [32m'http:'[39m,
      _redirectable: [36m[Circular *1][39m,
      [[32mSymbol(kCapture)[39m]: [33mfalse[39m,
      [[32mSymbol(kBytesWritten)[39m]: [33m0[39m,
      [[32mSymbol(kNeedDrain)[39m]: [33mfalse[39m,
      [[32mSymbol(corked)[39m]: [33m0[39m,
      [[32mSymbol(kOutHeaders)[39m]: [36m[Object: null prototype][39m,
      [[32mSymbol(errored)[39m]: [1mnull[22m,
      [[32mSymbol(kHighWaterMark)[39m]: [33m16384[39m,
      [[32mSymbol(kRejectNonStandardBodyWrites)[39m]: [33mfalse[39m,
      [[32mSymbol(kUniqueHeaders)[39m]: [1mnull[22m
    },
    _currentUrl: [32m'http://localhost:4000/ai/generate-test-cases'[39m,
    [[32mSymbol(kCapture)[39m]: [33mfalse[39m
  },
  cause: AggregateError: 
  [90m    at internalConnectMultiple (node:net:1114:18)[39m
  [90m    at afterConnectMultiple (node:net:1667:5)[39m
  [90m    at TCPConnectWrap.callbackTrampoline (node:internal/async_hooks:130:17)[39m {
    code: [32m'ECONNREFUSED'[39m,
    [errors]: [ [36m[Error][39m, [36m[Error][39m ]
  }
}
Unknown auto-playwright action: Simulated action for: 네트워크 연결이 불안정한 상황
Element body not visible for scenario: 네트워크 연결이 불안정한 상황
Unknown auto-playwright action: Simulated action for: 결제 중 브라우저 새로고침
Element body not visible for scenario: 결제 중 브라우저 새로고침
Error during auto-playwright action: Simulated action for: 동일 사용자의 중복 주문 page.fill: Test timeout of 30000ms exceeded.
Call log:
[...]
    at [90mC:\Cline\First_Project\AsyncFlow_Commerce\[39me2e\ai-edge-cases.spec.ts:145:5
Error during auto-playwright action: 사용자 23의 주문 완료 page.fill: Test ended.
Call log:
[2m  - waiting for locator('[data-testid="user-input"]')[22m

    at auto [90m(C:\Cline\First_Project\AsyncFlow_Commerce\[39me2e\ai-edge-cases.spec.ts:26:18[90m)[39m
    at [90mC:\Cline\First_Project\AsyncFlow_Commerce\[39me2e\ai-edge-cases.spec.ts:147:9
    at [90mC:\Cline\First_Project\AsyncFlow_Commerce\[39me2e\ai-edge-cases.spec.ts:145:5
Error during auto-playwright action: 사용자 32의 주문 완료 page.fill: Test ended.
Call log:
[2m  - waiting for locator('[data-testid="user-input"]')[22m

    at auto [90m(C:\Cline\First_Project\AsyncFlow_Commerce\[39me2e\ai-edge-cases.spec.ts:26:18[90m)[39m
    at [90mC:\Cline\First_Project\AsyncFlow_Commerce\[39me2e\ai-edge-cases.spec.ts:147:9
    at [90mC:\Cline\First_Project\AsyncFlow_Commerce\[39me2e\ai-edge-cases.spec.ts:145:5
Error during auto-playwright action: 사용자 16의 주문 완료 page.fill: Test ended.
Call log:
[2m  - waiting for locator('[data-testid="user-input"]')[22m

    at auto [90m(C:\Cline\First_Project\AsyncFlow_Commerce\[39me2e\ai-edge-cases.spec.ts:26:18[90m)[39m
    at [90mC:\Cline\First_Project\AsyncFlow_Commerce\[39me2e\ai-edge-cases.spec.ts:147:9
    at [90mC:\Cline\First_Project\AsyncFlow_Commerce\[39me2e\ai-edge-cases.spec.ts:145:5
Error during auto-playwright action: 사용자 37의 주문 완료 page.fill: Test ended.
Call log:
[2m  - waiting for locator('[data-testid="user-input"]')[22m

    at auto [90m(C:\Cline\First_Project\AsyncFlow_Commerce\[39me2e\ai-edge-cases.spec.ts:26:18[90m)[39m
    at [90mC:\Cline\First_Project\AsyncFlow_Commerce\[39me2e\ai-edge-cases.spec.ts:147:9
    at [90mC:\Cline\First_Project\AsyncFlow_Commerce\[39me2e\ai-edge-cases.spec.ts:145:5
Error during auto-playwright action: 사용자 1의 주문 완료 page.fill: Test ended.
Call log:
[2m  - waiting for locator('[data-testid="user-input"]')[22m

    at auto [90m(C:\Cline\First_Project\AsyncFlow_Commerce\[39me2e\ai-edge-cases.spec.ts:26:18[90m)[39m
    at [90mC:\Cline\First_Project\AsyncFlow_Commerce\[39me2e\ai-edge-cases.spec.ts:147:9
    at [90mC:\Cline\First_Project\AsyncFlow_Commerce\[39me2e\ai-edge-cases.spec.ts:145:5
Error during auto-playwright action: 사용자 34의 주문 완료 page.fill: Test ended.
Call log:
[2m  - waiting for locator('[data-testid="user-input"]')[22m

    at auto [90m(C:\Cline\First_Project\AsyncFlow_Commerce\[39me2e\ai-edge-cases.spec.ts:26:18[90m)[39m
    at [90mC:\Cline\First_Project\AsyncFlow_Commerce\[39me2e\ai-edge-cases.spec.ts:147:9
    at [90mC:\Cline\First_Project\AsyncFlow_Commerce\[39me2e\ai-edge-cases.spec.ts:145:5
Error during auto-playwright action: 사용자 21의 주문 완료 page.fill: Test ended.
Call log:
[2m  - waiting for locator('[data-testid="user-input"]')[22m

    at auto [90m(C:\Cline\First_Project\AsyncFlow_Commerce\[39me2e\ai-edge-cases.spec.ts:26:18[90m)[39m
    at [90mC:\Cline\First_Project\AsyncFlow_Commerce\[39me2e\ai-edge-cases.spec.ts:147:9
    at [90mC:\Cline\First_Project\AsyncFlow_Commerce\[39me2e\ai-edge-cases.spec.ts:145:5
Error during auto-playwright action: 사용자 49의 주문 완료 page.fill: Test ended.
Call log:
[2m  - waiting for locator('[data-testid="user-input"]')[22m

    at auto [90m(C:\Cline\First_Project\AsyncFlow_Commerce\[39me2e\ai-edge-cases.spec.ts:26:18[90m)[39m
    at [90mC:\Cline\First_Project\AsyncFlow_Commerce\[39me2e\ai-edge-cases.spec.ts:147:9
    at [90mC:\Cline\First_Project\AsyncFlow_Commerce\[39me2e\ai-edge-cases.spec.ts:145:5
Error during auto-playwright action: 사용자 17의 주문 완료 page.fill: Test ended.
Call log:
[2m  - waiting for locator('[data-testid="user-input"]')[22m

    at auto [90m(C:\Cline\First_Project\AsyncFlow_Commerce\[39me2e\ai-edge-cases.spec.ts:26:18[90m)[39m
    at [90mC:\Cline\First_Project\AsyncFlow_Commerce\[39me2e\ai-edge-cases.spec.ts:147:9
    at [90mC:\Cline\First_Project\AsyncFlow_Commerce\[39me2e\ai-edge-cases.spec.ts:145:5
Error during auto-playwright action: 사용자 4의 주문 완료 page.fill: Test ended.
Call log:
[2m  - waiting for locator('[data-testid="user-input"]')[22m

    at auto [90m(C:\Cline\First_Project\AsyncFlow_Commerce\[39me2e\ai-edge-cases.spec.ts:26:18[90m)[39m
    at [90mC:\Cline\First_Project\AsyncFlow_Commerce\[39me2e\ai-edge-cases.spec.ts:147:9
    at [90mC:\Cline\First_Project\AsyncFlow_Commerce\[39me2e\ai-edge-cases.spec.ts:145:5
Error during auto-playwright action: 사용자 31의 주문 완료 page.fill: Test ended.
Call log:
[2m  - waiting for locator('[data-testid="user-input"]')[22m

    at auto [90m(C:\Cline\First_Project\AsyncFlow_Commerce\[39me2e\ai-edge-cases.spec.ts:26:18[90m)[39m
    at [90mC:\Cline\First_Project\AsyncFlow_Commerce\[39me2e\ai-edge-cases.spec.ts:147:9
    at [90mC:\Cline\First_Project\AsyncFlow_Commerce\[39me2e\ai-edge-cases.spec.ts:145:5
Error during auto-playwright action: 사용자 48의 주문 완료 page.fill: Test ended.
Call log:
[2m  - waiting for locator('[data-testid="user-input"]')[22m

    at auto [90m(C:\Cline\First_Project\AsyncFlow_Commerce\[39me2e\ai-edge-cases.spec.ts:26:18[90m)[39m
    at [90mC:\Cline\First_Project\AsyncFlow_Commerce\[39me2e\ai-edge-cases.spec.ts:147:9
    at [90mC:\Cline\First_Project\AsyncFlow_Commerce\[39me2e\ai-edge-cases.spec.ts:145:5
Error during auto-playwright action: 사용자 35의 주문 완료 page.fill: Test ended.
Call log:
[2m  - waiting for locator('[data-testid="user-input"]')[22m

    at auto [90m(C:\Cline\First_Project\AsyncFlow_Commerce\[39me2e\ai-edge-cases.spec.ts:26:18[90m)[39m
    at [90mC:\Cline\First_Project\AsyncFlow_Commerce\[39me2e\ai-edge-cases.spec.ts:147:9
    at [90mC:\Cline\First_Project\AsyncFlow_Commerce\[39me2e\ai-edge-cases.spec.ts:145:5
Error during auto-playwright action: 사용자 46의 주문 완료 page.fill: Test ended.
Call log:
[2m  - waiting for locator('[data-testid="user-input"]')[22m

    at auto [90m(C:\Cline\First_Project\AsyncFlow_Commerce\[39me2e\ai-edge-cases.spec.ts:26:18[90m)[39m
    at [90mC:\Cline\First_Project\AsyncFlow_Commerce\[39me2e\ai-edge-cases.spec.ts:147:9
    at [90mC:\Cline\First_Project\AsyncFlow_Commerce\[39me2e\ai-edge-cases.spec.ts:145:5
Error during auto-playwright action: 사용자 24의 주문 완료 page.fill: Test ended.
Call log:
[2m  - waiting for locator('[data-testid="user-input"]')[22m

    at auto [90m(C:\Cline\First_Project\AsyncFlow_Commerce\[39me2e\ai-edge-cases.spec.ts:26:18[90m)[39m
    at [90mC:\Cline\First_Project\AsyncFlow_Commerce\[39me2e\ai-edge-cases.spec.ts:147:9
    at [90mC:\Cline\First_Project\AsyncFlow_Commerce\[39me2e\ai-edge-cases.spec.ts:145:5
Error during auto-playwright action: 사용자 13의 주문 완료 page.fill: Test ended.
Call log:
[2m  - waiting for locator('[data-testid="user-input"]')[22m

    at auto [90m(C:\Cline\First_Project\AsyncFlow_Commerce\[39me2e\ai-edge-cases.spec.ts:26:18[90m)[39m
    at [90mC:\Cline\First_Project\AsyncFlow_Commerce\[39me2e\ai-edge-cases.spec.ts:147:9
    at [90mC:\Cline\First_Project\AsyncFlow_Commerce\[39me2e\ai-edge-cases.spec.ts:145:5
Error during auto-playwright action: 사용자 43의 주문 완료 page.fill: Test ended.
Call log:
[2m  - waiting for locator('[data-testid="user-input"]')[22m

    at auto [90m(C:\Cline\First_Project\AsyncFlow_Commerce\[39me2e\ai-edge-cases.spec.ts:26:18[90m)[39m
    at [90mC:\Cline\First_Project\AsyncFlow_Commerce\[39me2e\ai-edge-cases.spec.ts:147:9
    at [90mC:\Cline\First_Project\AsyncFlow_Commerce\[39me2e\ai-edge-cases.spec.ts:145:5
Error during auto-playwright action: 사용자 28의 주문 완료 page.fill: Test ended.
Call log:
[2m  - waiting for locator('[data-testid="user-input"]')[22m

    at auto [90m(C:\Cline\First_Project\AsyncFlow_Commerce\[39me2e\ai-edge-cases.spec.ts:26:18[90m)[39m
    at [90mC:\Cline\First_Project\AsyncFlow_Commerce\[39me2e\ai-edge-cases.spec.ts:147:9
    at [90mC:\Cline\First_Project\AsyncFlow_Commerce\[39me2e\ai-edge-cases.spec.ts:145:5
Error during auto-playwright action: 사용자 30의 주문 완료 page.fill: Test ended.
Call log:
[2m  - waiting for locator('[data-testid="user-input"]')[22m

    at auto [90m(C:\Cline\First_Project\AsyncFlow_Commerce\[39me2e\ai-edge-cases.spec.ts:26:18[90m)[39m
    at [90mC:\Cline\First_Project\AsyncFlow_Commerce\[39me2e\ai-edge-cases.spec.ts:147:9
    at [90mC:\Cline\First_Project\AsyncFlow_Commerce\[39me2e\ai-edge-cases.spec.ts:145:5
Error during auto-playwright action: 사용자 45의 주문 완료 page.fill: Test ended.
Call log:
[2m  - waiting for locator('[data-testid="user-input"]')[22m

    at auto [90m(C:\Cline\First_Project\AsyncFlow_Commerce\[39me2e\ai-edge-cases.spec.ts:26:18[90m)[39m
    at [90mC:\Cline\First_Project\AsyncFlow_Commerce\[39me2e\ai-edge-cases.spec.ts:147:9
    at [90mC:\Cline\First_Project\AsyncFlow_Commerce\[39me2e\ai-edge-cases.spec.ts:145:5
Error during auto-playwright action: 사용자 38의 주문 완료 page.fill: Test ended.
Call log:
[2m  - waiting for locator('[data-testid="user-input"]')[22m

    at auto [90m(C:\Cline\First_Project\AsyncFlow_Commerce\[39me2e\ai-edge-cases.spec.ts:26:18[90m)[39m
    at [90mC:\Cline\First_Project\AsyncFlow_Commerce\[39me2e\ai-edge-cases.spec.ts:147:9
    at [90mC:\Cline\First_Project\AsyncFlow_Commerce\[39me2e\ai-edge-cases.spec.ts:145:5
Error during auto-playwright action: 사용자 9의 주문 완료 page.fill: Test ended.
Call log:
[2m  - waiting for locator('[data-testid="user-input"]')[22m

    at auto [90m(C:\Cline\First_Project\AsyncFlow_Commerce\[39me2e\ai-edge-cases.spec.ts:26:18[90m)[39m
    at [90mC:\Cline\First_Project\AsyncFlow_Commerce\[39me2e\ai-edge-cases.spec.ts:147:9
    at [90mC:\Cline\First_Project\AsyncFlow_Commerce\[39me2e\ai-edge-cases.spec.ts:145:5
Error during auto-playwright action: 사용자 44의 주문 완료 page.fill: Test ended.
Call log:
[2m  - waiting for locator('[data-testid="user-input"]')[22m

    at auto [90m(C:\Cline\First_Project\AsyncFlow_Commerce\[39me2e\ai-edge-cases.spec.ts:26:18[90m)[39m
    at [90mC:\Cline\First_Project\AsyncFlow_Commerce\[39me2e\ai-edge-cases.spec.ts:147:9
    at [90mC:\Cline\First_Project\AsyncFlow_Commerce\[39me2e\ai-edge-cases.spec.ts:145:5
Error during auto-playwright action: 사용자 6의 주문 완료 page.fill: Test ended.
Call log:
[2m  - waiting for locator('[data-testid="user-input"]')[22m

    at auto [90m(C:\Cline\First_Project\AsyncFlow_Commerce\[39me2e\ai-edge-cases.spec.ts:26:18[90m)[39m
    at [90mC:\Cline\First_Project\AsyncFlow_Commerce\[39me2e\ai-edge-cases.spec.ts:147:9
    at [90mC:\Cline\First_Project\AsyncFlow_Commerce\[39me2e\ai-edge-cases.spec.ts:145:5
Error during auto-playwright action: 사용자 47의 주문 완료 page.fill: Test ended.
Call log:
[2m  - waiting for locator('[data-testid="user-input"]')[22m

    at auto [90m(C:\Cline\First_Project\AsyncFlow_Commerce\[39me2e\ai-edge-cases.spec.ts:26:18[90m)[39m
    at [90mC:\Cline\First_Project\AsyncFlow_Commerce\[39me2e\ai-edge-cases.spec.ts:147:9
    at [90mC:\Cline\First_Project\AsyncFlow_Commerce\[39me2e\ai-edge-cases.spec.ts:145:5
]]>
</system-err>
</testcase>
<testcase name="고급 테스트 기능 › 네트워크 요청 패턴 분석" classname="ai-edge-cases.spec.ts" time="30.101">
<failure message="ai-edge-cases.spec.ts:157:7 네트워크 요청 패턴 분석" type="FAILURE">
<![CDATA[  [Mobile Safari] › ai-edge-cases.spec.ts:157:7 › 고급 테스트 기능 › 네트워크 요청 패턴 분석 ────────────────────────

    Test timeout of 30000ms exceeded.

    Error: expect(received).toBeGreaterThan(expected)

    Expected: > 3
    Received:   0

      177 |     );
      178 |
    > 179 |     expect(asyncRequests.length).toBeGreaterThan(3);
          |                                  ^
      180 |
      181 |     // Network timing validation
      182 |     const timings = await page.evaluate(() => performance.getEntriesByType('navigation') as PerformanceNavigationTiming[]);
        at C:\Cline\First_Project\AsyncFlow_Commerce\e2e\ai-edge-cases.spec.ts:179:34

    attachment #1: screenshot (image/png) ──────────────────────────────────────────────────────────
    test-results\ai-edge-cases-고급-테스트-기능-네트워크-요청-패턴-분석-Mobile-Safari\test-failed-1.png
    ────────────────────────────────────────────────────────────────────────────────────────────────

    attachment #2: video (video/webm) ──────────────────────────────────────────────────────────────
    test-results\ai-edge-cases-고급-테스트-기능-네트워크-요청-패턴-분석-Mobile-Safari\video.webm
    ────────────────────────────────────────────────────────────────────────────────────────────────

    Error Context: ..\test-results\ai-edge-cases-고급-테스트-기능-네트워크-요청-패턴-분석-Mobile-Safari\error-context.md
]]>
</failure>
<system-out>
<![CDATA[Mocking auto-playwright action: 복잡한 주문 프로세스 실행

[[ATTACHMENT|test-results\ai-edge-cases-고급-테스트-기능-네트워크-요청-패턴-분석-Mobile-Safari\test-failed-1.png]]

[[ATTACHMENT|test-results\ai-edge-cases-고급-테스트-기능-네트워크-요청-패턴-분석-Mobile-Safari\video.webm]]

[[ATTACHMENT|test-results\ai-edge-cases-고급-테스트-기능-네트워크-요청-패턴-분석-Mobile-Safari\error-context.md]]
]]>
</system-out>
<system-err>
<![CDATA[Error during auto-playwright action: 복잡한 주문 프로세스 실행 page.fill: Test timeout of 30000ms exceeded.
Call log:
[2m  - waiting for locator('[data-testid="email-input"]')[22m

    at auto [90m(C:\Cline\First_Project\AsyncFlow_Commerce\[39me2e\ai-edge-cases.spec.ts:30:18[90m)[39m
    at [90mC:\Cline\First_Project\AsyncFlow_Commerce\[39me2e\ai-edge-cases.spec.ts:173:5 {
  [[32mSymbol(step)[39m]: {
    stepId: [32m'pw:api@9'[39m,
    location: {
      file: [32m'C:\\Cline\\First_Project\\AsyncFlow_Commerce\\e2e\\ai-edge-cases.spec.ts'[39m,
      line: [33m30[39m,
      column: [33m18[39m,
      function: [32m'auto'[39m
    },
    category: [32m'pw:api'[39m,
    title: [32m'page.fill([data-testid="email-input"])'[39m,
    apiName: [32m'page.fill'[39m,
    params: {
      selector: [32m'[data-testid="email-input"]'[39m,
      value: [32m'test@example.com'[39m
    },
    boxedStack: [90mundefined[39m,
    steps: [],
    attachmentIndices: [],
    info: TestStepInfoImpl {
      annotations: [],
      _testInfo: [36m[TestInfoImpl][39m,
      _stepId: [32m'pw:api@9'[39m
    },
    complete: [36m[Function: complete][39m,
    endWallTime: [33m1750760659893[39m,
    error: {
      message: [32m'Error: page.fill: Test timeout of 30000ms exceeded.\n'[39m +
        [32m'Call log:\n'[39m +
        [32m`\x1B[2m  - waiting for locator('[data-testid="email-input"]')\x1B[22m\n`[39m,
      stack: [32m'Error: page.fill: Test timeout of 30000ms exceeded.\n'[39m +
        [32m'Call log:\n'[39m +
        [32m`\x1B[2m  - waiting for locator('[data-testid="email-input"]')\x1B[22m\n`[39m +
        [32m'\n'[39m +
        [32m'    at auto (C:\\Cline\\First_Project\\AsyncFlow_Commerce\\e2e\\ai-edge-cases.spec.ts:30:18)\n'[39m +
        [32m'    at C:\\Cline\\First_Project\\AsyncFlow_Commerce\\e2e\\ai-edge-cases.spec.ts:173:5'[39m,
      cause: [90mundefined[39m
    }
  }
}
]]>
</system-err>
</testcase>
<testcase name="고급 테스트 기능 › 주문 페이지 접근성 검증" classname="ai-edge-cases.spec.ts" time="30.106">
<failure message="ai-edge-cases.spec.ts:186:7 주문 페이지 접근성 검증" type="FAILURE">
<![CDATA[  [Mobile Safari] › ai-edge-cases.spec.ts:186:7 › 고급 테스트 기능 › 주문 페이지 접근성 검증 ────────────────────────

    Test timeout of 30000ms exceeded.

    Error: page.evaluate: Target page, context or browser has been closed

      197 |     await auto('메뉴 카테고리 변경', { page });
      198 |     // Specific component accessibility check
    > 199 |     await checkA11y(page, '.menu-items', {
          |                    ^
      200 |       axeOptions: { // Wrap rules in axeOptions
      201 |         rules: {
      202 |           'color-contrast': { enabled: true },
        at C:\Cline\First_Project\AsyncFlow_Commerce\node_modules\axe-playwright\dist\index.js:70:31
        at C:\Cline\First_Project\AsyncFlow_Commerce\node_modules\axe-playwright\dist\index.js:31:71
        at __awaiter (C:\Cline\First_Project\AsyncFlow_Commerce\node_modules\axe-playwright\dist\index.js:27:12)
        at getAxeResults (C:\Cline\First_Project\AsyncFlow_Commerce\node_modules\axe-playwright\dist\index.js:69:51)
        at C:\Cline\First_Project\AsyncFlow_Commerce\node_modules\axe-playwright\dist\index.js:83:52
        at C:\Cline\First_Project\AsyncFlow_Commerce\node_modules\axe-playwright\dist\index.js:31:71
        at __awaiter (C:\Cline\First_Project\AsyncFlow_Commerce\node_modules\axe-playwright\dist\index.js:27:12)
        at getViolations (C:\Cline\First_Project\AsyncFlow_Commerce\node_modules\axe-playwright\dist\index.js:82:51)
        at C:\Cline\First_Project\AsyncFlow_Commerce\node_modules\axe-playwright\dist\index.js:107:56
        at C:\Cline\First_Project\AsyncFlow_Commerce\node_modules\axe-playwright\dist\index.js:31:71
        at __awaiter (C:\Cline\First_Project\AsyncFlow_Commerce\node_modules\axe-playwright\dist\index.js:27:12)
        at checkA11y (C:\Cline\First_Project\AsyncFlow_Commerce\node_modules\axe-playwright\dist\index.js:105:139)
        at C:\Cline\First_Project\AsyncFlow_Commerce\e2e\ai-edge-cases.spec.ts:199:20

    attachment #1: screenshot (image/png) ──────────────────────────────────────────────────────────
    test-results\ai-edge-cases-고급-테스트-기능-주문-페이지-접근성-검증-Mobile-Safari\test-failed-1.png
    ────────────────────────────────────────────────────────────────────────────────────────────────

    attachment #2: video (video/webm) ──────────────────────────────────────────────────────────────
    test-results\ai-edge-cases-고급-테스트-기능-주문-페이지-접근성-검증-Mobile-Safari\video.webm
    ────────────────────────────────────────────────────────────────────────────────────────────────
]]>
</failure>
<system-out>
<![CDATA[No accessibility violations detected!
Mocking auto-playwright action: 메뉴 카테고리 변경

[[ATTACHMENT|test-results\ai-edge-cases-고급-테스트-기능-주문-페이지-접근성-검증-Mobile-Safari\test-failed-1.png]]

[[ATTACHMENT|test-results\ai-edge-cases-고급-테스트-기능-주문-페이지-접근성-검증-Mobile-Safari\video.webm]]
]]>
</system-out>
<system-err>
<![CDATA[Error during auto-playwright action: 메뉴 카테고리 변경 page.click: Test timeout of 30000ms exceeded.
Call log:
[2m  - waiting for locator('[data-testid="category-dropdown"]')[22m

    at auto [90m(C:\Cline\First_Project\AsyncFlow_Commerce\[39me2e\ai-edge-cases.spec.ts:34:18[90m)[39m
    at [90mC:\Cline\First_Project\AsyncFlow_Commerce\[39me2e\ai-edge-cases.spec.ts:197:11 {
  [[32mSymbol(step)[39m]: {
    stepId: [32m'pw:api@11'[39m,
    location: {
      file: [32m'C:\\Cline\\First_Project\\AsyncFlow_Commerce\\e2e\\ai-edge-cases.spec.ts'[39m,
      line: [33m34[39m,
      column: [33m18[39m,
      function: [32m'auto'[39m
    },
    category: [32m'pw:api'[39m,
    title: [32m'page.click([data-testid="category-dropdown"])'[39m,
    apiName: [32m'page.click'[39m,
    params: { selector: [32m'[data-testid="category-dropdown"]'[39m },
    boxedStack: [90mundefined[39m,
    steps: [],
    attachmentIndices: [],
    info: TestStepInfoImpl {
      annotations: [],
      _testInfo: [36m[TestInfoImpl][39m,
      _stepId: [32m'pw:api@11'[39m
    },
    complete: [36m[Function: complete][39m,
    endWallTime: [33m1750760665125[39m,
    error: {
      message: [32m'Error: page.click: Test timeout of 30000ms exceeded.\n'[39m +
        [32m'Call log:\n'[39m +
        [32m`\x1B[2m  - waiting for locator('[data-testid="category-dropdown"]')\x1B[22m\n`[39m,
      stack: [32m'Error: page.click: Test timeout of 30000ms exceeded.\n'[39m +
        [32m'Call log:\n'[39m +
        [32m`\x1B[2m  - waiting for locator('[data-testid="category-dropdown"]')\x1B[22m\n`[39m +
        [32m'\n'[39m +
        [32m'    at auto (C:\\Cline\\First_Project\\AsyncFlow_Commerce\\e2e\\ai-edge-cases.spec.ts:34:18)\n'[39m +
        [32m'    at C:\\Cline\\First_Project\\AsyncFlow_Commerce\\e2e\\ai-edge-cases.spec.ts:197:11'[39m,
      cause: [90mundefined[39m
    }
  }
}
]]>
</system-err>
</testcase>
</testsuite>
<testsuite name="example.spec.ts" timestamp="2025-06-24T10:22:40.569Z" hostname="Mobile Safari" tests="2" failures="0" skipped="0" time="1.269" errors="0">
<testcase name="has title" classname="example.spec.ts" time="0.62">
</testcase>
<testcase name="get started link" classname="example.spec.ts" time="0.649">
</testcase>
</testsuite>
</testsuites>